<?xml version="1.0" encoding="UTF-8"?>
<testsuite name="com.liverary.book.springboot.web.ReadingsApiControllerTest" tests="1" skipped="0" failures="0" errors="0" timestamp="2022-01-18T07:09:04" hostname="LYVA" time="1.121">
  <properties/>
  <testcase name="Posts_수정된다" classname="com.liverary.book.springboot.web.ReadingsApiControllerTest" time="1.121"/>
  <system-out><![CDATA[16:08:53.077 [Test worker] DEBUG org.springframework.test.context.junit4.SpringJUnit4ClassRunner - SpringJUnit4ClassRunner constructor called with [class com.liverary.book.springboot.web.ReadingsApiControllerTest]
16:08:53.090 [Test worker] DEBUG org.springframework.test.context.BootstrapUtils - Instantiating CacheAwareContextLoaderDelegate from class [org.springframework.test.context.cache.DefaultCacheAwareContextLoaderDelegate]
16:08:53.115 [Test worker] DEBUG org.springframework.test.context.BootstrapUtils - Instantiating BootstrapContext using constructor [public org.springframework.test.context.support.DefaultBootstrapContext(java.lang.Class,org.springframework.test.context.CacheAwareContextLoaderDelegate)]
16:08:53.149 [Test worker] DEBUG org.springframework.test.context.BootstrapUtils - Instantiating TestContextBootstrapper for test class [com.liverary.book.springboot.web.ReadingsApiControllerTest] from class [org.springframework.boot.test.context.SpringBootTestContextBootstrapper]
16:08:53.177 [Test worker] INFO org.springframework.boot.test.context.SpringBootTestContextBootstrapper - Neither @ContextConfiguration nor @ContextHierarchy found for test class [com.liverary.book.springboot.web.ReadingsApiControllerTest], using SpringBootContextLoader
16:08:53.186 [Test worker] DEBUG org.springframework.test.context.support.AbstractContextLoader - Did not detect default resource location for test class [com.liverary.book.springboot.web.ReadingsApiControllerTest]: class path resource [com/liverary/book/springboot/web/ReadingsApiControllerTest-context.xml] does not exist
16:08:53.187 [Test worker] DEBUG org.springframework.test.context.support.AbstractContextLoader - Did not detect default resource location for test class [com.liverary.book.springboot.web.ReadingsApiControllerTest]: class path resource [com/liverary/book/springboot/web/ReadingsApiControllerTestContext.groovy] does not exist
16:08:53.188 [Test worker] INFO org.springframework.test.context.support.AbstractContextLoader - Could not detect default resource locations for test class [com.liverary.book.springboot.web.ReadingsApiControllerTest]: no resource found for suffixes {-context.xml, Context.groovy}.
16:08:53.189 [Test worker] INFO org.springframework.test.context.support.AnnotationConfigContextLoaderUtils - Could not detect default configuration classes for test class [com.liverary.book.springboot.web.ReadingsApiControllerTest]: ReadingsApiControllerTest does not declare any static, non-private, non-final, nested classes annotated with @Configuration.
16:08:53.287 [Test worker] DEBUG org.springframework.test.context.support.ActiveProfilesUtils - Could not find an 'annotation declaring class' for annotation type [org.springframework.test.context.ActiveProfiles] and class [com.liverary.book.springboot.web.ReadingsApiControllerTest]
16:08:53.524 [Test worker] DEBUG org.springframework.context.annotation.ClassPathScanningCandidateComponentProvider - Identified candidate component class: file [C:\Users\jieon\Desktop\dong\build\classes\java\main\com\liverary\book\springboot\Application.class]
16:08:53.527 [Test worker] INFO org.springframework.boot.test.context.SpringBootTestContextBootstrapper - Found @SpringBootConfiguration com.liverary.book.springboot.Application for test class com.liverary.book.springboot.web.ReadingsApiControllerTest
16:08:53.787 [Test worker] DEBUG org.springframework.boot.test.context.SpringBootTestContextBootstrapper - @TestExecutionListeners is not present for class [com.liverary.book.springboot.web.ReadingsApiControllerTest]: using defaults.
16:08:53.789 [Test worker] INFO org.springframework.boot.test.context.SpringBootTestContextBootstrapper - Loaded default TestExecutionListener class names from location [META-INF/spring.factories]: [org.springframework.boot.test.autoconfigure.restdocs.RestDocsTestExecutionListener, org.springframework.boot.test.autoconfigure.web.client.MockRestServiceServerResetTestExecutionListener, org.springframework.boot.test.autoconfigure.web.servlet.MockMvcPrintOnlyOnFailureTestExecutionListener, org.springframework.boot.test.autoconfigure.web.servlet.WebDriverTestExecutionListener, org.springframework.boot.test.mock.mockito.MockitoTestExecutionListener, org.springframework.boot.test.mock.mockito.ResetMocksTestExecutionListener, org.springframework.test.context.web.ServletTestExecutionListener, org.springframework.test.context.support.DirtiesContextBeforeModesTestExecutionListener, org.springframework.test.context.support.DependencyInjectionTestExecutionListener, org.springframework.test.context.support.DirtiesContextTestExecutionListener, org.springframework.test.context.transaction.TransactionalTestExecutionListener, org.springframework.test.context.jdbc.SqlScriptsTestExecutionListener]
16:08:53.841 [Test worker] INFO org.springframework.boot.test.context.SpringBootTestContextBootstrapper - Using TestExecutionListeners: [org.springframework.test.context.web.ServletTestExecutionListener@7d3cb81d, org.springframework.test.context.support.DirtiesContextBeforeModesTestExecutionListener@69316619, org.springframework.boot.test.mock.mockito.MockitoTestExecutionListener@65e6bca1, org.springframework.boot.test.autoconfigure.SpringBootDependencyInjectionTestExecutionListener@5fc8c8ea, org.springframework.test.context.support.DirtiesContextTestExecutionListener@472c7f5e, org.springframework.test.context.transaction.TransactionalTestExecutionListener@254fc80c, org.springframework.test.context.jdbc.SqlScriptsTestExecutionListener@759c6bb0, org.springframework.boot.test.autoconfigure.restdocs.RestDocsTestExecutionListener@6c8a7271, org.springframework.boot.test.autoconfigure.web.client.MockRestServiceServerResetTestExecutionListener@48f83631, org.springframework.boot.test.autoconfigure.web.servlet.MockMvcPrintOnlyOnFailureTestExecutionListener@132c988a, org.springframework.boot.test.autoconfigure.web.servlet.WebDriverTestExecutionListener@57ba0b4, org.springframework.boot.test.mock.mockito.ResetMocksTestExecutionListener@3add4390]
16:08:53.850 [Test worker] DEBUG org.springframework.test.annotation.ProfileValueUtils - Retrieved @ProfileValueSourceConfiguration [null] for test class [com.liverary.book.springboot.web.ReadingsApiControllerTest]
16:08:53.851 [Test worker] DEBUG org.springframework.test.annotation.ProfileValueUtils - Retrieved ProfileValueSource type [class org.springframework.test.annotation.SystemProfileValueSource] for class [com.liverary.book.springboot.web.ReadingsApiControllerTest]
16:08:53.861 [Test worker] DEBUG org.springframework.test.annotation.ProfileValueUtils - Retrieved @ProfileValueSourceConfiguration [null] for test class [com.liverary.book.springboot.web.ReadingsApiControllerTest]
16:08:53.861 [Test worker] DEBUG org.springframework.test.annotation.ProfileValueUtils - Retrieved ProfileValueSource type [class org.springframework.test.annotation.SystemProfileValueSource] for class [com.liverary.book.springboot.web.ReadingsApiControllerTest]
16:08:53.862 [Test worker] DEBUG org.springframework.test.annotation.ProfileValueUtils - Retrieved @ProfileValueSourceConfiguration [null] for test class [com.liverary.book.springboot.web.ReadingsApiControllerTest]
16:08:53.863 [Test worker] DEBUG org.springframework.test.annotation.ProfileValueUtils - Retrieved ProfileValueSource type [class org.springframework.test.annotation.SystemProfileValueSource] for class [com.liverary.book.springboot.web.ReadingsApiControllerTest]
16:08:53.873 [Test worker] DEBUG org.springframework.test.context.support.AbstractDirtiesContextTestExecutionListener - Before test class: context [DefaultTestContext@329fc167 testClass = ReadingsApiControllerTest, testInstance = [null], testMethod = [null], testException = [null], mergedContextConfiguration = [WebMergedContextConfiguration@1178595e testClass = ReadingsApiControllerTest, locations = '{}', classes = '{class com.liverary.book.springboot.Application}', contextInitializerClasses = '[]', activeProfiles = '{}', propertySourceLocations = '{}', propertySourceProperties = '{org.springframework.boot.test.context.SpringBootTestContextBootstrapper=true, server.port=0}', contextCustomizers = set[org.springframework.boot.test.autoconfigure.properties.PropertyMappingContextCustomizer@0, org.springframework.boot.test.autoconfigure.web.servlet.WebDriverContextCustomizerFactory$Customizer@64b30893, org.springframework.boot.test.context.filter.ExcludeFilterContextCustomizer@1fd2cc8a, org.springframework.boot.test.json.DuplicateJsonObjectContextCustomizerFactory$DuplicateJsonObjectContextCustomizer@4970382d, org.springframework.boot.test.mock.mockito.MockitoContextCustomizer@0, org.springframework.boot.test.web.client.TestRestTemplateContextCustomizer@5121ded2], resourceBasePath = 'src/main/webapp', contextLoader = 'org.springframework.boot.test.context.SpringBootContextLoader', parent = [null]], attributes = map['org.springframework.test.context.web.ServletTestExecutionListener.activateListener' -> false]], class annotated with @DirtiesContext [false] with mode [null].
16:08:53.874 [Test worker] DEBUG org.springframework.test.annotation.ProfileValueUtils - Retrieved @ProfileValueSourceConfiguration [null] for test class [com.liverary.book.springboot.web.ReadingsApiControllerTest]
16:08:53.875 [Test worker] DEBUG org.springframework.test.annotation.ProfileValueUtils - Retrieved ProfileValueSource type [class org.springframework.test.annotation.SystemProfileValueSource] for class [com.liverary.book.springboot.web.ReadingsApiControllerTest]
16:08:53.885 [Test worker] DEBUG org.springframework.test.context.support.DependencyInjectionTestExecutionListener - Performing dependency injection for test context [[DefaultTestContext@329fc167 testClass = ReadingsApiControllerTest, testInstance = com.liverary.book.springboot.web.ReadingsApiControllerTest@6a3f1ef8, testMethod = [null], testException = [null], mergedContextConfiguration = [WebMergedContextConfiguration@1178595e testClass = ReadingsApiControllerTest, locations = '{}', classes = '{class com.liverary.book.springboot.Application}', contextInitializerClasses = '[]', activeProfiles = '{}', propertySourceLocations = '{}', propertySourceProperties = '{org.springframework.boot.test.context.SpringBootTestContextBootstrapper=true, server.port=0}', contextCustomizers = set[org.springframework.boot.test.autoconfigure.properties.PropertyMappingContextCustomizer@0, org.springframework.boot.test.autoconfigure.web.servlet.WebDriverContextCustomizerFactory$Customizer@64b30893, org.springframework.boot.test.context.filter.ExcludeFilterContextCustomizer@1fd2cc8a, org.springframework.boot.test.json.DuplicateJsonObjectContextCustomizerFactory$DuplicateJsonObjectContextCustomizer@4970382d, org.springframework.boot.test.mock.mockito.MockitoContextCustomizer@0, org.springframework.boot.test.web.client.TestRestTemplateContextCustomizer@5121ded2], resourceBasePath = 'src/main/webapp', contextLoader = 'org.springframework.boot.test.context.SpringBootContextLoader', parent = [null]], attributes = map['org.springframework.test.context.web.ServletTestExecutionListener.activateListener' -> false]]].
16:08:53.936 [Test worker] DEBUG org.springframework.test.context.support.TestPropertySourceUtils - Adding inlined properties to environment: {spring.jmx.enabled=false, org.springframework.boot.test.context.SpringBootTestContextBootstrapper=true, server.port=0}

  .   ____          _            __ _ _
 /\\ / ___'_ __ _ _(_)_ __  __ _ \ \ \ \
( ( )\___ | '_ | '_| | '_ \/ _` | \ \ \ \
 \\/  ___)| |_)| | | | | || (_| |  ) ) ) )
  '  |____| .__|_| |_|_| |_\__, | / / / /
 =========|_|==============|___/=/_/_/_/
 :: Spring Boot ::        (v2.1.9.RELEASE)

2022-01-18 16:08:54.543  INFO 8704 --- [    Test worker] c.l.b.s.web.ReadingsApiControllerTest    : Starting ReadingsApiControllerTest on LyvA with PID 8704 (started by jieon in C:\Users\jieon\Desktop\dong)
2022-01-18 16:08:54.546  INFO 8704 --- [    Test worker] c.l.b.s.web.ReadingsApiControllerTest    : No active profile set, falling back to default profiles: default
2022-01-18 16:08:56.062  INFO 8704 --- [    Test worker] .s.d.r.c.RepositoryConfigurationDelegate : Bootstrapping Spring Data repositories in DEFAULT mode.
2022-01-18 16:08:56.218  INFO 8704 --- [    Test worker] .s.d.r.c.RepositoryConfigurationDelegate : Finished Spring Data repository scanning in 135ms. Found 1 repository interfaces.
2022-01-18 16:08:56.970  INFO 8704 --- [    Test worker] trationDelegate$BeanPostProcessorChecker : Bean 'org.springframework.transaction.annotation.ProxyTransactionManagementConfiguration' of type [org.springframework.transaction.annotation.ProxyTransactionManagementConfiguration$$EnhancerBySpringCGLIB$$1a243918] is not eligible for getting processed by all BeanPostProcessors (for example: not eligible for auto-proxying)
2022-01-18 16:08:57.856  INFO 8704 --- [    Test worker] o.s.b.w.embedded.tomcat.TomcatWebServer  : Tomcat initialized with port(s): 0 (http)
2022-01-18 16:08:57.922  INFO 8704 --- [    Test worker] o.apache.catalina.core.StandardService   : Starting service [Tomcat]
2022-01-18 16:08:57.923  INFO 8704 --- [    Test worker] org.apache.catalina.core.StandardEngine  : Starting Servlet engine: [Apache Tomcat/9.0.26]
2022-01-18 16:08:58.289  INFO 8704 --- [    Test worker] o.a.c.c.C.[Tomcat].[localhost].[/]       : Initializing Spring embedded WebApplicationContext
2022-01-18 16:08:58.290  INFO 8704 --- [    Test worker] o.s.web.context.ContextLoader            : Root WebApplicationContext: initialization completed in 3692 ms
2022-01-18 16:08:58.935  INFO 8704 --- [    Test worker] com.zaxxer.hikari.HikariDataSource       : HikariPool-1 - Starting...
2022-01-18 16:08:59.300  INFO 8704 --- [    Test worker] com.zaxxer.hikari.HikariDataSource       : HikariPool-1 - Start completed.
2022-01-18 16:08:59.453  INFO 8704 --- [    Test worker] o.hibernate.jpa.internal.util.LogHelper  : HHH000204: Processing PersistenceUnitInfo [
	name: default
	...]
2022-01-18 16:08:59.631  INFO 8704 --- [    Test worker] org.hibernate.Version                    : HHH000412: Hibernate Core {5.3.12.Final}
2022-01-18 16:08:59.636  INFO 8704 --- [    Test worker] org.hibernate.cfg.Environment            : HHH000206: hibernate.properties not found
2022-01-18 16:09:00.082  INFO 8704 --- [    Test worker] o.hibernate.annotations.common.Version   : HCANN000001: Hibernate Commons Annotations {5.0.4.Final}
2022-01-18 16:09:00.435  INFO 8704 --- [    Test worker] org.hibernate.dialect.Dialect            : HHH000400: Using dialect: org.hibernate.dialect.MySQL5Dialect
2022-01-18 16:09:01.647  INFO 8704 --- [    Test worker] j.LocalContainerEntityManagerFactoryBean : Initialized JPA EntityManagerFactory for persistence unit 'default'
2022-01-18 16:09:02.166  INFO 8704 --- [    Test worker] o.h.h.i.QueryTranslatorFactoryInitiator  : HHH000397: Using ASTQueryTranslatorFactory
2022-01-18 16:09:03.273  INFO 8704 --- [    Test worker] o.s.s.concurrent.ThreadPoolTaskExecutor  : Initializing ExecutorService 'applicationTaskExecutor'
2022-01-18 16:09:03.418  WARN 8704 --- [    Test worker] aWebConfiguration$JpaWebMvcConfiguration : spring.jpa.open-in-view is enabled by default. Therefore, database queries may be performed during view rendering. Explicitly configure spring.jpa.open-in-view to disable this warning
2022-01-18 16:09:03.732  WARN 8704 --- [    Test worker] o.s.b.a.m.MustacheAutoConfiguration      : Cannot find template location: classpath:/templates/ (please add some templates, check your Mustache configuration, or set spring.mustache.check-template-location=false)
2022-01-18 16:09:04.369  INFO 8704 --- [    Test worker] o.s.b.w.embedded.tomcat.TomcatWebServer  : Tomcat started on port(s): 11979 (http) with context path ''
2022-01-18 16:09:04.372  INFO 8704 --- [    Test worker] c.l.b.s.web.ReadingsApiControllerTest    : Started ReadingsApiControllerTest in 10.433 seconds (JVM running for 12.978)
Hibernate: insert into readings (book_key, book_report, current_page, is_written_book_report, score, user_key) values (?, ?, ?, ?, ?, ?)
2022-01-18 16:09:05.078  INFO 8704 --- [o-auto-1-exec-1] o.a.c.c.C.[Tomcat].[localhost].[/]       : Initializing Spring DispatcherServlet 'dispatcherServlet'
2022-01-18 16:09:05.078  INFO 8704 --- [o-auto-1-exec-1] o.s.web.servlet.DispatcherServlet        : Initializing Servlet 'dispatcherServlet'
2022-01-18 16:09:05.121  INFO 8704 --- [o-auto-1-exec-1] o.s.web.servlet.DispatcherServlet        : Completed initialization in 43 ms
Hibernate: select readings0_.id as id1_0_0_, readings0_.book_key as book_key2_0_0_, readings0_.book_report as book_rep3_0_0_, readings0_.current_page as current_4_0_0_, readings0_.is_written_book_report as is_writt5_0_0_, readings0_.score as score6_0_0_, readings0_.user_key as user_key7_0_0_ from readings readings0_ where readings0_.id=?
Hibernate: update readings set book_key=?, book_report=?, current_page=?, is_written_book_report=?, score=?, user_key=? where id=?
Hibernate: select readings0_.id as id1_0_, readings0_.book_key as book_key2_0_, readings0_.book_report as book_rep3_0_, readings0_.current_page as current_4_0_, readings0_.is_written_book_report as is_writt5_0_, readings0_.score as score6_0_, readings0_.user_key as user_key7_0_ from readings readings0_
Hibernate: select readings0_.id as id1_0_, readings0_.book_key as book_key2_0_, readings0_.book_report as book_rep3_0_, readings0_.current_page as current_4_0_, readings0_.is_written_book_report as is_writt5_0_, readings0_.score as score6_0_, readings0_.user_key as user_key7_0_ from readings readings0_
Hibernate: delete from readings where id=?
]]></system-out>
  <system-err><![CDATA[]]></system-err>
</testsuite>
