<?xml version="1.0" encoding="UTF-8"?>
<testsuite name="com.liverary.book.springboot.domain.posts.ReadingRepositoryTest" tests="1" skipped="0" failures="0" errors="0" timestamp="2022-02-08T09:31:11" hostname="LYVA" time="0.081">
  <properties/>
  <testcase name="게시글저장_불러오기" classname="com.liverary.book.springboot.domain.posts.ReadingRepositoryTest" time="0.081"/>
  <system-out><![CDATA[2022-02-08 18:31:11.016  INFO 13436 --- [    Test worker] .b.t.c.SpringBootTestContextBootstrapper : Neither @ContextConfiguration nor @ContextHierarchy found for test class [com.liverary.book.springboot.domain.posts.ReadingRepositoryTest], using SpringBootContextLoader
2022-02-08 18:31:11.018  INFO 13436 --- [    Test worker] o.s.t.c.support.AbstractContextLoader    : Could not detect default resource locations for test class [com.liverary.book.springboot.domain.posts.ReadingRepositoryTest]: no resource found for suffixes {-context.xml, Context.groovy}.
2022-02-08 18:31:11.019  INFO 13436 --- [    Test worker] t.c.s.AnnotationConfigContextLoaderUtils : Could not detect default configuration classes for test class [com.liverary.book.springboot.domain.posts.ReadingRepositoryTest]: ReadingRepositoryTest does not declare any static, non-private, non-final, nested classes annotated with @Configuration.
2022-02-08 18:31:11.038  INFO 13436 --- [    Test worker] .b.t.c.SpringBootTestContextBootstrapper : Found @SpringBootConfiguration com.liverary.book.springboot.Application for test class com.liverary.book.springboot.domain.posts.ReadingRepositoryTest
2022-02-08 18:31:11.046  INFO 13436 --- [    Test worker] .b.t.c.SpringBootTestContextBootstrapper : Loaded default TestExecutionListener class names from location [META-INF/spring.factories]: [org.springframework.boot.test.autoconfigure.restdocs.RestDocsTestExecutionListener, org.springframework.boot.test.autoconfigure.web.client.MockRestServiceServerResetTestExecutionListener, org.springframework.boot.test.autoconfigure.web.servlet.MockMvcPrintOnlyOnFailureTestExecutionListener, org.springframework.boot.test.autoconfigure.web.servlet.WebDriverTestExecutionListener, org.springframework.boot.test.mock.mockito.MockitoTestExecutionListener, org.springframework.boot.test.mock.mockito.ResetMocksTestExecutionListener, org.springframework.test.context.web.ServletTestExecutionListener, org.springframework.test.context.support.DirtiesContextBeforeModesTestExecutionListener, org.springframework.test.context.support.DependencyInjectionTestExecutionListener, org.springframework.test.context.support.DirtiesContextTestExecutionListener, org.springframework.test.context.transaction.TransactionalTestExecutionListener, org.springframework.test.context.jdbc.SqlScriptsTestExecutionListener]
2022-02-08 18:31:11.047  INFO 13436 --- [    Test worker] .b.t.c.SpringBootTestContextBootstrapper : Using TestExecutionListeners: [org.springframework.test.context.web.ServletTestExecutionListener@19e9c7ab, org.springframework.test.context.support.DirtiesContextBeforeModesTestExecutionListener@4d6ac030, org.springframework.boot.test.mock.mockito.MockitoTestExecutionListener@1ada9f2b, org.springframework.boot.test.autoconfigure.SpringBootDependencyInjectionTestExecutionListener@4eac50b8, org.springframework.test.context.support.DirtiesContextTestExecutionListener@192f0259, org.springframework.test.context.transaction.TransactionalTestExecutionListener@25f3a0c, org.springframework.test.context.jdbc.SqlScriptsTestExecutionListener@4c32ceab, org.springframework.boot.test.autoconfigure.restdocs.RestDocsTestExecutionListener@60b76e05, org.springframework.boot.test.autoconfigure.web.client.MockRestServiceServerResetTestExecutionListener@16b9580, org.springframework.boot.test.autoconfigure.web.servlet.MockMvcPrintOnlyOnFailureTestExecutionListener@7a9f50fb, org.springframework.boot.test.autoconfigure.web.servlet.WebDriverTestExecutionListener@20829e95, org.springframework.boot.test.mock.mockito.ResetMocksTestExecutionListener@7b9e0bc6]
Hibernate: insert into reading (book_key, book_report, current_page, is_written_book_report, score, user_key) values (?, ?, ?, ?, ?, ?)
Hibernate: select reading0_.reading_key as reading_1_1_, reading0_.book_key as book_key6_1_, reading0_.book_report as book_rep2_1_, reading0_.current_page as current_3_1_, reading0_.is_written_book_report as is_writt4_1_, reading0_.score as score5_1_, reading0_.user_key as user_key7_1_ from reading reading0_
Hibernate: select reading0_.reading_key as reading_1_1_, reading0_.book_key as book_key6_1_, reading0_.book_report as book_rep2_1_, reading0_.current_page as current_3_1_, reading0_.is_written_book_report as is_writt4_1_, reading0_.score as score5_1_, reading0_.user_key as user_key7_1_ from reading reading0_
Hibernate: delete from reading where reading_key=?
]]></system-out>
  <system-err><![CDATA[]]></system-err>
</testsuite>
