<?xml version="1.0" encoding="UTF-8"?>
<testsuite name="com.liverary.book.springboot.web.ReadingApiControllerTest" tests="1" skipped="0" failures="0" errors="0" timestamp="2022-02-08T09:31:11" hostname="LYVA" time="0.022">
  <properties/>
  <testcase name="Book_등록된다" classname="com.liverary.book.springboot.web.ReadingApiControllerTest" time="0.022"/>
  <system-out><![CDATA[2022-02-08 18:31:11.194  INFO 13436 --- [    Test worker] .b.t.c.SpringBootTestContextBootstrapper : Neither @ContextConfiguration nor @ContextHierarchy found for test class [com.liverary.book.springboot.web.ReadingApiControllerTest], using SpringBootContextLoader
2022-02-08 18:31:11.196  INFO 13436 --- [    Test worker] o.s.t.c.support.AbstractContextLoader    : Could not detect default resource locations for test class [com.liverary.book.springboot.web.ReadingApiControllerTest]: no resource found for suffixes {-context.xml, Context.groovy}.
2022-02-08 18:31:11.196  INFO 13436 --- [    Test worker] t.c.s.AnnotationConfigContextLoaderUtils : Could not detect default configuration classes for test class [com.liverary.book.springboot.web.ReadingApiControllerTest]: ReadingApiControllerTest does not declare any static, non-private, non-final, nested classes annotated with @Configuration.
2022-02-08 18:31:11.199  INFO 13436 --- [    Test worker] .b.t.c.SpringBootTestContextBootstrapper : Found @SpringBootConfiguration com.liverary.book.springboot.Application for test class com.liverary.book.springboot.web.ReadingApiControllerTest
2022-02-08 18:31:11.201  INFO 13436 --- [    Test worker] .b.t.c.SpringBootTestContextBootstrapper : Loaded default TestExecutionListener class names from location [META-INF/spring.factories]: [org.springframework.boot.test.autoconfigure.restdocs.RestDocsTestExecutionListener, org.springframework.boot.test.autoconfigure.web.client.MockRestServiceServerResetTestExecutionListener, org.springframework.boot.test.autoconfigure.web.servlet.MockMvcPrintOnlyOnFailureTestExecutionListener, org.springframework.boot.test.autoconfigure.web.servlet.WebDriverTestExecutionListener, org.springframework.boot.test.mock.mockito.MockitoTestExecutionListener, org.springframework.boot.test.mock.mockito.ResetMocksTestExecutionListener, org.springframework.test.context.web.ServletTestExecutionListener, org.springframework.test.context.support.DirtiesContextBeforeModesTestExecutionListener, org.springframework.test.context.support.DependencyInjectionTestExecutionListener, org.springframework.test.context.support.DirtiesContextTestExecutionListener, org.springframework.test.context.transaction.TransactionalTestExecutionListener, org.springframework.test.context.jdbc.SqlScriptsTestExecutionListener]
2022-02-08 18:31:11.201  INFO 13436 --- [    Test worker] .b.t.c.SpringBootTestContextBootstrapper : Using TestExecutionListeners: [org.springframework.test.context.web.ServletTestExecutionListener@caa7f39, org.springframework.test.context.support.DirtiesContextBeforeModesTestExecutionListener@77b4ccaf, org.springframework.boot.test.mock.mockito.MockitoTestExecutionListener@464c4bd7, org.springframework.boot.test.autoconfigure.SpringBootDependencyInjectionTestExecutionListener@65f52674, org.springframework.test.context.support.DirtiesContextTestExecutionListener@3a79de44, org.springframework.test.context.transaction.TransactionalTestExecutionListener@6bf9bc10, org.springframework.test.context.jdbc.SqlScriptsTestExecutionListener@4f4f504b, org.springframework.boot.test.autoconfigure.restdocs.RestDocsTestExecutionListener@3c50950, org.springframework.boot.test.autoconfigure.web.client.MockRestServiceServerResetTestExecutionListener@77ba6c92, org.springframework.boot.test.autoconfigure.web.servlet.MockMvcPrintOnlyOnFailureTestExecutionListener@51054749, org.springframework.boot.test.autoconfigure.web.servlet.WebDriverTestExecutionListener@647d982a, org.springframework.boot.test.mock.mockito.ResetMocksTestExecutionListener@4f59927c]
Hibernate: insert into book (created_date, modified_date, author, book_content, book_cover, book_intro, country, published_date, publisher, title, total_page) values (?, ?, ?, ?, ?, ?, ?, ?, ?, ?, ?)
]]></system-out>
  <system-err><![CDATA[]]></system-err>
</testsuite>
