<?xml version="1.0" encoding="UTF-8"?>
<testsuite name="com.liverary.book.springboot.domain.BookRepositoryTest" tests="2" skipped="0" failures="0" errors="0" timestamp="2022-02-09T06:47:26" hostname="LYVA" time="1.314">
  <properties/>
  <testcase name="저장된책_불러오기" classname="com.liverary.book.springboot.domain.BookRepositoryTest" time="1.268"/>
  <testcase name="BaseTimeEntity_등록" classname="com.liverary.book.springboot.domain.BookRepositoryTest" time="0.044"/>
  <system-out><![CDATA[15:47:03.626 [Test worker] DEBUG org.springframework.test.context.junit4.SpringJUnit4ClassRunner - SpringJUnit4ClassRunner constructor called with [class com.liverary.book.springboot.domain.BookRepositoryTest]
15:47:03.660 [Test worker] DEBUG org.springframework.test.context.BootstrapUtils - Instantiating CacheAwareContextLoaderDelegate from class [org.springframework.test.context.cache.DefaultCacheAwareContextLoaderDelegate]
15:47:03.698 [Test worker] DEBUG org.springframework.test.context.BootstrapUtils - Instantiating BootstrapContext using constructor [public org.springframework.test.context.support.DefaultBootstrapContext(java.lang.Class,org.springframework.test.context.CacheAwareContextLoaderDelegate)]
15:47:03.758 [Test worker] DEBUG org.springframework.test.context.BootstrapUtils - Instantiating TestContextBootstrapper for test class [com.liverary.book.springboot.domain.BookRepositoryTest] from class [org.springframework.boot.test.context.SpringBootTestContextBootstrapper]
15:47:03.813 [Test worker] INFO org.springframework.boot.test.context.SpringBootTestContextBootstrapper - Neither @ContextConfiguration nor @ContextHierarchy found for test class [com.liverary.book.springboot.domain.BookRepositoryTest], using SpringBootContextLoader
15:47:03.823 [Test worker] DEBUG org.springframework.test.context.support.AbstractContextLoader - Did not detect default resource location for test class [com.liverary.book.springboot.domain.BookRepositoryTest]: class path resource [com/liverary/book/springboot/domain/BookRepositoryTest-context.xml] does not exist
15:47:03.826 [Test worker] DEBUG org.springframework.test.context.support.AbstractContextLoader - Did not detect default resource location for test class [com.liverary.book.springboot.domain.BookRepositoryTest]: class path resource [com/liverary/book/springboot/domain/BookRepositoryTestContext.groovy] does not exist
15:47:03.827 [Test worker] INFO org.springframework.test.context.support.AbstractContextLoader - Could not detect default resource locations for test class [com.liverary.book.springboot.domain.BookRepositoryTest]: no resource found for suffixes {-context.xml, Context.groovy}.
15:47:03.829 [Test worker] INFO org.springframework.test.context.support.AnnotationConfigContextLoaderUtils - Could not detect default configuration classes for test class [com.liverary.book.springboot.domain.BookRepositoryTest]: BookRepositoryTest does not declare any static, non-private, non-final, nested classes annotated with @Configuration.
15:47:03.973 [Test worker] DEBUG org.springframework.test.context.support.ActiveProfilesUtils - Could not find an 'annotation declaring class' for annotation type [org.springframework.test.context.ActiveProfiles] and class [com.liverary.book.springboot.domain.BookRepositoryTest]
15:47:04.247 [Test worker] DEBUG org.springframework.context.annotation.ClassPathScanningCandidateComponentProvider - Identified candidate component class: file [C:\Users\jieon\Desktop\dong\build\classes\java\main\com\liverary\book\springboot\Application.class]
15:47:04.250 [Test worker] INFO org.springframework.boot.test.context.SpringBootTestContextBootstrapper - Found @SpringBootConfiguration com.liverary.book.springboot.Application for test class com.liverary.book.springboot.domain.BookRepositoryTest
15:47:04.625 [Test worker] DEBUG org.springframework.boot.test.context.SpringBootTestContextBootstrapper - @TestExecutionListeners is not present for class [com.liverary.book.springboot.domain.BookRepositoryTest]: using defaults.
15:47:04.627 [Test worker] INFO org.springframework.boot.test.context.SpringBootTestContextBootstrapper - Loaded default TestExecutionListener class names from location [META-INF/spring.factories]: [org.springframework.boot.test.autoconfigure.restdocs.RestDocsTestExecutionListener, org.springframework.boot.test.autoconfigure.web.client.MockRestServiceServerResetTestExecutionListener, org.springframework.boot.test.autoconfigure.web.servlet.MockMvcPrintOnlyOnFailureTestExecutionListener, org.springframework.boot.test.autoconfigure.web.servlet.WebDriverTestExecutionListener, org.springframework.boot.test.mock.mockito.MockitoTestExecutionListener, org.springframework.boot.test.mock.mockito.ResetMocksTestExecutionListener, org.springframework.test.context.web.ServletTestExecutionListener, org.springframework.test.context.support.DirtiesContextBeforeModesTestExecutionListener, org.springframework.test.context.support.DependencyInjectionTestExecutionListener, org.springframework.test.context.support.DirtiesContextTestExecutionListener, org.springframework.test.context.transaction.TransactionalTestExecutionListener, org.springframework.test.context.jdbc.SqlScriptsTestExecutionListener]
15:47:04.691 [Test worker] INFO org.springframework.boot.test.context.SpringBootTestContextBootstrapper - Using TestExecutionListeners: [org.springframework.test.context.web.ServletTestExecutionListener@15ed78e8, org.springframework.test.context.support.DirtiesContextBeforeModesTestExecutionListener@64890210, org.springframework.boot.test.mock.mockito.MockitoTestExecutionListener@5613f76a, org.springframework.boot.test.autoconfigure.SpringBootDependencyInjectionTestExecutionListener@3fa8cfa1, org.springframework.test.context.support.DirtiesContextTestExecutionListener@41fcda84, org.springframework.test.context.transaction.TransactionalTestExecutionListener@6d49c929, org.springframework.test.context.jdbc.SqlScriptsTestExecutionListener@2428cb4d, org.springframework.boot.test.autoconfigure.restdocs.RestDocsTestExecutionListener@5d84cdae, org.springframework.boot.test.autoconfigure.web.client.MockRestServiceServerResetTestExecutionListener@7a0b0460, org.springframework.boot.test.autoconfigure.web.servlet.MockMvcPrintOnlyOnFailureTestExecutionListener@59288a89, org.springframework.boot.test.autoconfigure.web.servlet.WebDriverTestExecutionListener@3bb85042, org.springframework.boot.test.mock.mockito.ResetMocksTestExecutionListener@40aa1326]
15:47:04.701 [Test worker] DEBUG org.springframework.test.annotation.ProfileValueUtils - Retrieved @ProfileValueSourceConfiguration [null] for test class [com.liverary.book.springboot.domain.BookRepositoryTest]
15:47:04.704 [Test worker] DEBUG org.springframework.test.annotation.ProfileValueUtils - Retrieved ProfileValueSource type [class org.springframework.test.annotation.SystemProfileValueSource] for class [com.liverary.book.springboot.domain.BookRepositoryTest]
15:47:04.707 [Test worker] DEBUG org.springframework.test.annotation.ProfileValueUtils - Retrieved @ProfileValueSourceConfiguration [null] for test class [com.liverary.book.springboot.domain.BookRepositoryTest]
15:47:04.708 [Test worker] DEBUG org.springframework.test.annotation.ProfileValueUtils - Retrieved ProfileValueSource type [class org.springframework.test.annotation.SystemProfileValueSource] for class [com.liverary.book.springboot.domain.BookRepositoryTest]
15:47:04.725 [Test worker] DEBUG org.springframework.test.context.support.AbstractDirtiesContextTestExecutionListener - Before test class: context [DefaultTestContext@429c1146 testClass = BookRepositoryTest, testInstance = [null], testMethod = [null], testException = [null], mergedContextConfiguration = [WebMergedContextConfiguration@2c46f1d3 testClass = BookRepositoryTest, locations = '{}', classes = '{class com.liverary.book.springboot.Application}', contextInitializerClasses = '[]', activeProfiles = '{}', propertySourceLocations = '{}', propertySourceProperties = '{org.springframework.boot.test.context.SpringBootTestContextBootstrapper=true}', contextCustomizers = set[org.springframework.boot.test.autoconfigure.properties.PropertyMappingContextCustomizer@0, org.springframework.boot.test.autoconfigure.web.servlet.WebDriverContextCustomizerFactory$Customizer@28e4f1e8, org.springframework.boot.test.context.filter.ExcludeFilterContextCustomizer@6101ce3d, org.springframework.boot.test.json.DuplicateJsonObjectContextCustomizerFactory$DuplicateJsonObjectContextCustomizer@5252cf, org.springframework.boot.test.mock.mockito.MockitoContextCustomizer@0, org.springframework.boot.test.web.client.TestRestTemplateContextCustomizer@3d948480], resourceBasePath = 'src/main/webapp', contextLoader = 'org.springframework.boot.test.context.SpringBootContextLoader', parent = [null]], attributes = map['org.springframework.test.context.web.ServletTestExecutionListener.activateListener' -> true]], class annotated with @DirtiesContext [false] with mode [null].
15:47:04.728 [Test worker] DEBUG org.springframework.test.annotation.ProfileValueUtils - Retrieved @ProfileValueSourceConfiguration [null] for test class [com.liverary.book.springboot.domain.BookRepositoryTest]
15:47:04.728 [Test worker] DEBUG org.springframework.test.annotation.ProfileValueUtils - Retrieved ProfileValueSource type [class org.springframework.test.annotation.SystemProfileValueSource] for class [com.liverary.book.springboot.domain.BookRepositoryTest]
15:47:04.816 [Test worker] DEBUG org.springframework.test.context.support.TestPropertySourceUtils - Adding inlined properties to environment: {spring.jmx.enabled=false, org.springframework.boot.test.context.SpringBootTestContextBootstrapper=true, server.port=-1}

  .   ____          _            __ _ _
 /\\ / ___'_ __ _ _(_)_ __  __ _ \ \ \ \
( ( )\___ | '_ | '_| | '_ \/ _` | \ \ \ \
 \\/  ___)| |_)| | | | | || (_| |  ) ) ) )
  '  |____| .__|_| |_|_| |_\__, | / / / /
 =========|_|==============|___/=/_/_/_/
 :: Spring Boot ::        (v2.1.9.RELEASE)

2022-02-09 15:47:05.736  INFO 42328 --- [    Test worker] c.l.b.s.domain.BookRepositoryTest        : Starting BookRepositoryTest on LyvA with PID 42328 (started by jieon in C:\Users\jieon\Desktop\dong)
2022-02-09 15:47:05.738  INFO 42328 --- [    Test worker] c.l.b.s.domain.BookRepositoryTest        : The following profiles are active: google
2022-02-09 15:47:08.772  INFO 42328 --- [    Test worker] .s.d.r.c.RepositoryConfigurationDelegate : Bootstrapping Spring Data repositories in DEFAULT mode.
2022-02-09 15:47:09.033  INFO 42328 --- [    Test worker] .s.d.r.c.RepositoryConfigurationDelegate : Finished Spring Data repository scanning in 236ms. Found 3 repository interfaces.
2022-02-09 15:47:10.682  INFO 42328 --- [    Test worker] trationDelegate$BeanPostProcessorChecker : Bean 'org.springframework.transaction.annotation.ProxyTransactionManagementConfiguration' of type [org.springframework.transaction.annotation.ProxyTransactionManagementConfiguration$$EnhancerBySpringCGLIB$$7e1e6b24] is not eligible for getting processed by all BeanPostProcessors (for example: not eligible for auto-proxying)
2022-02-09 15:47:11.477  INFO 42328 --- [    Test worker] o.hibernate.jpa.internal.util.LogHelper  : HHH000204: Processing PersistenceUnitInfo [
	name: default
	...]
2022-02-09 15:47:11.781  INFO 42328 --- [    Test worker] org.hibernate.Version                    : HHH000412: Hibernate Core {5.3.12.Final}
2022-02-09 15:47:11.788  INFO 42328 --- [    Test worker] org.hibernate.cfg.Environment            : HHH000206: hibernate.properties not found
2022-02-09 15:47:12.416  INFO 42328 --- [    Test worker] o.hibernate.annotations.common.Version   : HCANN000001: Hibernate Commons Annotations {5.0.4.Final}
2022-02-09 15:47:13.073  INFO 42328 --- [    Test worker] com.zaxxer.hikari.HikariDataSource       : HikariPool-1 - Starting...
2022-02-09 15:47:13.816  INFO 42328 --- [    Test worker] com.zaxxer.hikari.HikariDataSource       : HikariPool-1 - Start completed.
2022-02-09 15:47:13.866  INFO 42328 --- [    Test worker] org.hibernate.dialect.Dialect            : HHH000400: Using dialect: org.hibernate.dialect.MySQL5InnoDBDialect
Hibernate: alter table reading drop foreign key FKrfxatjjy0cq4evwbly5gj89u8
Hibernate: alter table reading drop foreign key FKkj9r4htvigtimsgqakcfyt88c
Hibernate: drop table if exists book
Hibernate: drop table if exists reading
Hibernate: drop table if exists user
Hibernate: create table book (book_key bigint not null auto_increment, created_date datetime, modified_date datetime, author varchar(500) not null, book_content TEXT not null, book_cover varchar(500) not null, book_intro varchar(500) not null, country varchar(255), published_date date not null, publisher varchar(500) not null, title varchar(500) not null, total_page integer not null, primary key (book_key)) engine=InnoDB
Hibernate: create table reading (reading_key bigint not null auto_increment, book_report varchar(100), current_page integer not null, is_written_book_report integer not null, score integer not null, book_key bigint, user_key bigint, primary key (reading_key)) engine=InnoDB
Hibernate: create table user (user_key bigint not null auto_increment, created_date datetime, modified_date datetime, email varchar(500) not null, role varchar(255), primary key (user_key)) engine=InnoDB
Hibernate: alter table reading add constraint KEYS_UNIQUE unique (book_key, user_key)
Hibernate: alter table reading add constraint FKrfxatjjy0cq4evwbly5gj89u8 foreign key (book_key) references book (book_key)
Hibernate: alter table reading add constraint FKkj9r4htvigtimsgqakcfyt88c foreign key (user_key) references user (user_key)
2022-02-09 15:47:17.820  INFO 42328 --- [    Test worker] o.h.t.schema.internal.SchemaCreatorImpl  : HHH000476: Executing import script 'org.hibernate.tool.schema.internal.exec.ScriptSourceInputNonExistentImpl@41389055'
2022-02-09 15:47:17.831  INFO 42328 --- [    Test worker] j.LocalContainerEntityManagerFactoryBean : Initialized JPA EntityManagerFactory for persistence unit 'default'
2022-02-09 15:47:19.898  INFO 42328 --- [    Test worker] o.h.h.i.QueryTranslatorFactoryInitiator  : HHH000397: Using ASTQueryTranslatorFactory
2022-02-09 15:47:21.844  INFO 42328 --- [    Test worker] o.s.s.web.DefaultSecurityFilterChain     : Creating filter chain: any request, [org.springframework.security.web.context.request.async.WebAsyncManagerIntegrationFilter@47eec96a, org.springframework.security.web.context.SecurityContextPersistenceFilter@786504a7, org.springframework.security.web.header.HeaderWriterFilter@e952719, org.springframework.security.web.authentication.logout.LogoutFilter@7076c1b1, org.springframework.security.oauth2.client.web.OAuth2AuthorizationRequestRedirectFilter@344a4a1b, org.springframework.security.oauth2.client.web.OAuth2LoginAuthenticationFilter@79485c07, org.springframework.security.web.authentication.ui.DefaultLoginPageGeneratingFilter@1b1404c8, org.springframework.security.web.authentication.ui.DefaultLogoutPageGeneratingFilter@6a1e75fa, org.springframework.security.web.savedrequest.RequestCacheAwareFilter@4c2fe076, org.springframework.security.web.servletapi.SecurityContextHolderAwareRequestFilter@320d1f98, org.springframework.security.web.authentication.AnonymousAuthenticationFilter@38667bf2, org.springframework.security.web.session.SessionManagementFilter@342dd7c5, org.springframework.security.web.access.ExceptionTranslationFilter@5d3b029b, org.springframework.security.web.access.intercept.FilterSecurityInterceptor@60b303cb]
2022-02-09 15:47:23.812  INFO 42328 --- [    Test worker] o.s.s.concurrent.ThreadPoolTaskExecutor  : Initializing ExecutorService 'applicationTaskExecutor'
2022-02-09 15:47:24.000  WARN 42328 --- [    Test worker] aWebConfiguration$JpaWebMvcConfiguration : spring.jpa.open-in-view is enabled by default. Therefore, database queries may be performed during view rendering. Explicitly configure spring.jpa.open-in-view to disable this warning
2022-02-09 15:47:26.157  INFO 42328 --- [    Test worker] s.a.ScheduledAnnotationBeanPostProcessor : No TaskScheduler/ScheduledExecutorService bean found for scheduled processing
2022-02-09 15:47:26.189  INFO 42328 --- [    Test worker] c.l.b.s.domain.BookRepositoryTest        : Started BookRepositoryTest in 21.343 seconds (JVM running for 28.097)
Hibernate: insert into book (created_date, modified_date, author, book_content, book_cover, book_intro, country, published_date, publisher, title, total_page) values (?, ?, ?, ?, ?, ?, ?, ?, ?, ?, ?)
Hibernate: select book0_.book_key as book_key1_0_, book0_.created_date as created_2_0_, book0_.modified_date as modified3_0_, book0_.author as author4_0_, book0_.book_content as book_con5_0_, book0_.book_cover as book_cov6_0_, book0_.book_intro as book_int7_0_, book0_.country as country8_0_, book0_.published_date as publishe9_0_, book0_.publisher as publish10_0_, book0_.title as title11_0_, book0_.total_page as total_p12_0_ from book book0_
Hibernate: insert into book (created_date, modified_date, author, book_content, book_cover, book_intro, country, published_date, publisher, title, total_page) values (?, ?, ?, ?, ?, ?, ?, ?, ?, ?, ?)
Hibernate: select book0_.book_key as book_key1_0_, book0_.created_date as created_2_0_, book0_.modified_date as modified3_0_, book0_.author as author4_0_, book0_.book_content as book_con5_0_, book0_.book_cover as book_cov6_0_, book0_.book_intro as book_int7_0_, book0_.country as country8_0_, book0_.published_date as publishe9_0_, book0_.publisher as publish10_0_, book0_.title as title11_0_, book0_.total_page as total_p12_0_ from book book0_
>>>>> createDate=2022-02-09T15:47:27
]]></system-out>
  <system-err><![CDATA[]]></system-err>
</testsuite>
