<?xml version="1.0" encoding="UTF-8"?>
<testsuite name="com.liverary.book.springboot.domain.reading.ReadingRepositoryTest" tests="1" skipped="0" failures="0" errors="0" timestamp="2022-01-24T07:52:16" hostname="LYVA" time="0.759">
  <properties/>
  <testcase name="게시글저장_불러오기" classname="com.liverary.book.springboot.domain.reading.ReadingRepositoryTest" time="0.759"/>
  <system-out><![CDATA[16:51:59.272 [Test worker] DEBUG org.springframework.test.context.junit4.SpringJUnit4ClassRunner - SpringJUnit4ClassRunner constructor called with [class com.liverary.book.springboot.domain.reading.ReadingRepositoryTest]
16:51:59.292 [Test worker] DEBUG org.springframework.test.context.BootstrapUtils - Instantiating CacheAwareContextLoaderDelegate from class [org.springframework.test.context.cache.DefaultCacheAwareContextLoaderDelegate]
16:51:59.316 [Test worker] DEBUG org.springframework.test.context.BootstrapUtils - Instantiating BootstrapContext using constructor [public org.springframework.test.context.support.DefaultBootstrapContext(java.lang.Class,org.springframework.test.context.CacheAwareContextLoaderDelegate)]
16:51:59.352 [Test worker] DEBUG org.springframework.test.context.BootstrapUtils - Instantiating TestContextBootstrapper for test class [com.liverary.book.springboot.domain.reading.ReadingRepositoryTest] from class [org.springframework.boot.test.context.SpringBootTestContextBootstrapper]
16:51:59.380 [Test worker] INFO org.springframework.boot.test.context.SpringBootTestContextBootstrapper - Neither @ContextConfiguration nor @ContextHierarchy found for test class [com.liverary.book.springboot.domain.reading.ReadingRepositoryTest], using SpringBootContextLoader
16:51:59.392 [Test worker] DEBUG org.springframework.test.context.support.AbstractContextLoader - Did not detect default resource location for test class [com.liverary.book.springboot.domain.reading.ReadingRepositoryTest]: class path resource [com/liverary/book/springboot/domain/reading/ReadingRepositoryTest-context.xml] does not exist
16:51:59.394 [Test worker] DEBUG org.springframework.test.context.support.AbstractContextLoader - Did not detect default resource location for test class [com.liverary.book.springboot.domain.reading.ReadingRepositoryTest]: class path resource [com/liverary/book/springboot/domain/reading/ReadingRepositoryTestContext.groovy] does not exist
16:51:59.395 [Test worker] INFO org.springframework.test.context.support.AbstractContextLoader - Could not detect default resource locations for test class [com.liverary.book.springboot.domain.reading.ReadingRepositoryTest]: no resource found for suffixes {-context.xml, Context.groovy}.
16:51:59.397 [Test worker] INFO org.springframework.test.context.support.AnnotationConfigContextLoaderUtils - Could not detect default configuration classes for test class [com.liverary.book.springboot.domain.reading.ReadingRepositoryTest]: ReadingRepositoryTest does not declare any static, non-private, non-final, nested classes annotated with @Configuration.
16:51:59.496 [Test worker] DEBUG org.springframework.test.context.support.ActiveProfilesUtils - Could not find an 'annotation declaring class' for annotation type [org.springframework.test.context.ActiveProfiles] and class [com.liverary.book.springboot.domain.reading.ReadingRepositoryTest]
16:51:59.740 [Test worker] DEBUG org.springframework.context.annotation.ClassPathScanningCandidateComponentProvider - Identified candidate component class: file [C:\Users\jieon\Desktop\dong\build\classes\java\main\com\liverary\book\springboot\Application.class]
16:51:59.742 [Test worker] INFO org.springframework.boot.test.context.SpringBootTestContextBootstrapper - Found @SpringBootConfiguration com.liverary.book.springboot.Application for test class com.liverary.book.springboot.domain.reading.ReadingRepositoryTest
16:52:00.065 [Test worker] DEBUG org.springframework.boot.test.context.SpringBootTestContextBootstrapper - @TestExecutionListeners is not present for class [com.liverary.book.springboot.domain.reading.ReadingRepositoryTest]: using defaults.
16:52:00.067 [Test worker] INFO org.springframework.boot.test.context.SpringBootTestContextBootstrapper - Loaded default TestExecutionListener class names from location [META-INF/spring.factories]: [org.springframework.boot.test.autoconfigure.restdocs.RestDocsTestExecutionListener, org.springframework.boot.test.autoconfigure.web.client.MockRestServiceServerResetTestExecutionListener, org.springframework.boot.test.autoconfigure.web.servlet.MockMvcPrintOnlyOnFailureTestExecutionListener, org.springframework.boot.test.autoconfigure.web.servlet.WebDriverTestExecutionListener, org.springframework.boot.test.mock.mockito.MockitoTestExecutionListener, org.springframework.boot.test.mock.mockito.ResetMocksTestExecutionListener, org.springframework.test.context.web.ServletTestExecutionListener, org.springframework.test.context.support.DirtiesContextBeforeModesTestExecutionListener, org.springframework.test.context.support.DependencyInjectionTestExecutionListener, org.springframework.test.context.support.DirtiesContextTestExecutionListener, org.springframework.test.context.transaction.TransactionalTestExecutionListener, org.springframework.test.context.jdbc.SqlScriptsTestExecutionListener]
16:52:00.123 [Test worker] INFO org.springframework.boot.test.context.SpringBootTestContextBootstrapper - Using TestExecutionListeners: [org.springframework.test.context.web.ServletTestExecutionListener@71d7b0d1, org.springframework.test.context.support.DirtiesContextBeforeModesTestExecutionListener@12486a9a, org.springframework.boot.test.mock.mockito.MockitoTestExecutionListener@73313974, org.springframework.boot.test.autoconfigure.SpringBootDependencyInjectionTestExecutionListener@60b44be1, org.springframework.test.context.support.DirtiesContextTestExecutionListener@2ca92e1e, org.springframework.test.context.transaction.TransactionalTestExecutionListener@7de48dab, org.springframework.test.context.jdbc.SqlScriptsTestExecutionListener@7e4e1fa, org.springframework.boot.test.autoconfigure.restdocs.RestDocsTestExecutionListener@45cd59a4, org.springframework.boot.test.autoconfigure.web.client.MockRestServiceServerResetTestExecutionListener@207156dd, org.springframework.boot.test.autoconfigure.web.servlet.MockMvcPrintOnlyOnFailureTestExecutionListener@79a10ead, org.springframework.boot.test.autoconfigure.web.servlet.WebDriverTestExecutionListener@59eadb52, org.springframework.boot.test.mock.mockito.ResetMocksTestExecutionListener@76c5b9b2]
16:52:00.134 [Test worker] DEBUG org.springframework.test.annotation.ProfileValueUtils - Retrieved @ProfileValueSourceConfiguration [null] for test class [com.liverary.book.springboot.domain.reading.ReadingRepositoryTest]
16:52:00.136 [Test worker] DEBUG org.springframework.test.annotation.ProfileValueUtils - Retrieved ProfileValueSource type [class org.springframework.test.annotation.SystemProfileValueSource] for class [com.liverary.book.springboot.domain.reading.ReadingRepositoryTest]
16:52:00.146 [Test worker] DEBUG org.springframework.test.annotation.ProfileValueUtils - Retrieved @ProfileValueSourceConfiguration [null] for test class [com.liverary.book.springboot.domain.reading.ReadingRepositoryTest]
16:52:00.147 [Test worker] DEBUG org.springframework.test.annotation.ProfileValueUtils - Retrieved ProfileValueSource type [class org.springframework.test.annotation.SystemProfileValueSource] for class [com.liverary.book.springboot.domain.reading.ReadingRepositoryTest]
16:52:00.148 [Test worker] DEBUG org.springframework.test.annotation.ProfileValueUtils - Retrieved @ProfileValueSourceConfiguration [null] for test class [com.liverary.book.springboot.domain.reading.ReadingRepositoryTest]
16:52:00.149 [Test worker] DEBUG org.springframework.test.annotation.ProfileValueUtils - Retrieved ProfileValueSource type [class org.springframework.test.annotation.SystemProfileValueSource] for class [com.liverary.book.springboot.domain.reading.ReadingRepositoryTest]
16:52:00.158 [Test worker] DEBUG org.springframework.test.context.support.AbstractDirtiesContextTestExecutionListener - Before test class: context [DefaultTestContext@632fd724 testClass = ReadingRepositoryTest, testInstance = [null], testMethod = [null], testException = [null], mergedContextConfiguration = [WebMergedContextConfiguration@13bb3842 testClass = ReadingRepositoryTest, locations = '{}', classes = '{class com.liverary.book.springboot.Application}', contextInitializerClasses = '[]', activeProfiles = '{}', propertySourceLocations = '{}', propertySourceProperties = '{org.springframework.boot.test.context.SpringBootTestContextBootstrapper=true}', contextCustomizers = set[org.springframework.boot.test.autoconfigure.properties.PropertyMappingContextCustomizer@0, org.springframework.boot.test.autoconfigure.web.servlet.WebDriverContextCustomizerFactory$Customizer@96d1be, org.springframework.boot.test.context.filter.ExcludeFilterContextCustomizer@78081c0e, org.springframework.boot.test.json.DuplicateJsonObjectContextCustomizerFactory$DuplicateJsonObjectContextCustomizer@65b0233e, org.springframework.boot.test.mock.mockito.MockitoContextCustomizer@0, org.springframework.boot.test.web.client.TestRestTemplateContextCustomizer@81f14af], resourceBasePath = 'src/main/webapp', contextLoader = 'org.springframework.boot.test.context.SpringBootContextLoader', parent = [null]], attributes = map['org.springframework.test.context.web.ServletTestExecutionListener.activateListener' -> true]], class annotated with @DirtiesContext [false] with mode [null].
16:52:00.160 [Test worker] DEBUG org.springframework.test.annotation.ProfileValueUtils - Retrieved @ProfileValueSourceConfiguration [null] for test class [com.liverary.book.springboot.domain.reading.ReadingRepositoryTest]
16:52:00.160 [Test worker] DEBUG org.springframework.test.annotation.ProfileValueUtils - Retrieved ProfileValueSource type [class org.springframework.test.annotation.SystemProfileValueSource] for class [com.liverary.book.springboot.domain.reading.ReadingRepositoryTest]
16:52:00.216 [Test worker] DEBUG org.springframework.test.context.support.TestPropertySourceUtils - Adding inlined properties to environment: {spring.jmx.enabled=false, org.springframework.boot.test.context.SpringBootTestContextBootstrapper=true, server.port=-1}

  .   ____          _            __ _ _
 /\\ / ___'_ __ _ _(_)_ __  __ _ \ \ \ \
( ( )\___ | '_ | '_| | '_ \/ _` | \ \ \ \
 \\/  ___)| |_)| | | | | || (_| |  ) ) ) )
  '  |____| .__|_| |_|_| |_\__, | / / / /
 =========|_|==============|___/=/_/_/_/
 :: Spring Boot ::        (v2.1.9.RELEASE)

2022-01-24 16:52:00.902  INFO 33424 --- [    Test worker] c.l.b.s.d.reading.ReadingRepositoryTest  : Starting ReadingRepositoryTest on LyvA with PID 33424 (started by jieon in C:\Users\jieon\Desktop\dong)
2022-01-24 16:52:00.904  INFO 33424 --- [    Test worker] c.l.b.s.d.reading.ReadingRepositoryTest  : The following profiles are active: google
2022-01-24 16:52:02.983  INFO 33424 --- [    Test worker] .s.d.r.c.RepositoryConfigurationDelegate : Bootstrapping Spring Data repositories in DEFAULT mode.
2022-01-24 16:52:03.293  INFO 33424 --- [    Test worker] .s.d.r.c.RepositoryConfigurationDelegate : Finished Spring Data repository scanning in 291ms. Found 3 repository interfaces.
2022-01-24 16:52:04.496  INFO 33424 --- [    Test worker] trationDelegate$BeanPostProcessorChecker : Bean 'org.springframework.transaction.annotation.ProxyTransactionManagementConfiguration' of type [org.springframework.transaction.annotation.ProxyTransactionManagementConfiguration$$EnhancerBySpringCGLIB$$68dd10e0] is not eligible for getting processed by all BeanPostProcessors (for example: not eligible for auto-proxying)
2022-01-24 16:52:05.194  INFO 33424 --- [    Test worker] o.hibernate.jpa.internal.util.LogHelper  : HHH000204: Processing PersistenceUnitInfo [
	name: default
	...]
2022-01-24 16:52:05.394  INFO 33424 --- [    Test worker] org.hibernate.Version                    : HHH000412: Hibernate Core {5.3.12.Final}
2022-01-24 16:52:05.403  INFO 33424 --- [    Test worker] org.hibernate.cfg.Environment            : HHH000206: hibernate.properties not found
2022-01-24 16:52:05.917  INFO 33424 --- [    Test worker] o.hibernate.annotations.common.Version   : HCANN000001: Hibernate Commons Annotations {5.0.4.Final}
2022-01-24 16:52:06.319  INFO 33424 --- [    Test worker] com.zaxxer.hikari.HikariDataSource       : HikariPool-1 - Starting...
2022-01-24 16:52:06.632  INFO 33424 --- [    Test worker] com.zaxxer.hikari.HikariDataSource       : HikariPool-1 - Start completed.
2022-01-24 16:52:06.676  INFO 33424 --- [    Test worker] org.hibernate.dialect.Dialect            : HHH000400: Using dialect: org.hibernate.dialect.MySQL5InnoDBDialect
Hibernate: alter table reading drop foreign key FKrfxatjjy0cq4evwbly5gj89u8
Hibernate: alter table reading drop foreign key FKkj9r4htvigtimsgqakcfyt88c
Hibernate: drop table if exists book
Hibernate: drop table if exists reading
Hibernate: drop table if exists user
Hibernate: create table book (book_key bigint not null auto_increment, created_date datetime, modified_date datetime, author varchar(500) not null, book_content TEXT not null, book_cover varchar(500) not null, book_intro varchar(500) not null, country varchar(255), published_date date not null, publisher varchar(500) not null, title varchar(500) not null, total_page integer not null, primary key (book_key)) engine=InnoDB
Hibernate: create table reading (reading_key bigint not null auto_increment, book_report varchar(100), current_page integer not null, is_written_book_report integer not null, score integer not null, book_key bigint, user_key bigint, primary key (reading_key)) engine=InnoDB
Hibernate: create table user (user_key bigint not null auto_increment, created_date datetime, modified_date datetime, email varchar(500) not null, role varchar(255), primary key (user_key)) engine=InnoDB
Hibernate: alter table reading add constraint UKs1ptw5ut3uft28ayu7q50knk2 unique (book_key, user_key)
Hibernate: alter table reading add constraint FKrfxatjjy0cq4evwbly5gj89u8 foreign key (book_key) references book (book_key)
Hibernate: alter table reading add constraint FKkj9r4htvigtimsgqakcfyt88c foreign key (user_key) references user (user_key)
2022-01-24 16:52:09.766  INFO 33424 --- [    Test worker] o.h.t.schema.internal.SchemaCreatorImpl  : HHH000476: Executing import script 'org.hibernate.tool.schema.internal.exec.ScriptSourceInputNonExistentImpl@6d7631ce'
2022-01-24 16:52:09.775  INFO 33424 --- [    Test worker] j.LocalContainerEntityManagerFactoryBean : Initialized JPA EntityManagerFactory for persistence unit 'default'
2022-01-24 16:52:11.100  INFO 33424 --- [    Test worker] o.h.h.i.QueryTranslatorFactoryInitiator  : HHH000397: Using ASTQueryTranslatorFactory
2022-01-24 16:52:12.374  INFO 33424 --- [    Test worker] o.s.s.web.DefaultSecurityFilterChain     : Creating filter chain: any request, [org.springframework.security.web.context.request.async.WebAsyncManagerIntegrationFilter@4d5150d1, org.springframework.security.web.context.SecurityContextPersistenceFilter@5ed333df, org.springframework.security.web.header.HeaderWriterFilter@60138b58, org.springframework.security.web.authentication.logout.LogoutFilter@86e6ebd, org.springframework.security.oauth2.client.web.OAuth2AuthorizationRequestRedirectFilter@7b1d6de9, org.springframework.security.oauth2.client.web.OAuth2LoginAuthenticationFilter@1dbe07e5, org.springframework.security.web.authentication.ui.DefaultLoginPageGeneratingFilter@4a6583ae, org.springframework.security.web.authentication.ui.DefaultLogoutPageGeneratingFilter@6ab7483e, org.springframework.security.web.savedrequest.RequestCacheAwareFilter@71ceb3f0, org.springframework.security.web.servletapi.SecurityContextHolderAwareRequestFilter@376a018f, org.springframework.security.web.authentication.AnonymousAuthenticationFilter@654a38a0, org.springframework.security.web.session.SessionManagementFilter@1d073a1e, org.springframework.security.web.access.ExceptionTranslationFilter@68809ede, org.springframework.security.web.access.intercept.FilterSecurityInterceptor@6bd0b7dd]
2022-01-24 16:52:13.833  INFO 33424 --- [    Test worker] o.s.s.concurrent.ThreadPoolTaskExecutor  : Initializing ExecutorService 'applicationTaskExecutor'
2022-01-24 16:52:13.999  WARN 33424 --- [    Test worker] aWebConfiguration$JpaWebMvcConfiguration : spring.jpa.open-in-view is enabled by default. Therefore, database queries may be performed during view rendering. Explicitly configure spring.jpa.open-in-view to disable this warning
2022-01-24 16:52:14.139  INFO 33424 --- [    Test worker] o.s.b.a.w.s.WelcomePageHandlerMapping    : Adding welcome page template: index
2022-01-24 16:52:15.975  INFO 33424 --- [    Test worker] s.a.ScheduledAnnotationBeanPostProcessor : No TaskScheduler/ScheduledExecutorService bean found for scheduled processing
2022-01-24 16:52:16.017  INFO 33424 --- [    Test worker] c.l.b.s.d.reading.ReadingRepositoryTest  : Started ReadingRepositoryTest in 15.777 seconds (JVM running for 19.928)
Hibernate: insert into book (created_date, modified_date, author, book_content, book_cover, book_intro, country, published_date, publisher, title, total_page) values (?, ?, ?, ?, ?, ?, ?, ?, ?, ?, ?)
Hibernate: insert into user (created_date, modified_date, email, role) values (?, ?, ?, ?)
Hibernate: insert into reading (book_key, book_report, current_page, is_written_book_report, score, user_key) values (?, ?, ?, ?, ?, ?)
Hibernate: select reading0_.reading_key as reading_1_1_, reading0_.book_key as book_key6_1_, reading0_.book_report as book_rep2_1_, reading0_.current_page as current_3_1_, reading0_.is_written_book_report as is_writt4_1_, reading0_.score as score5_1_, reading0_.user_key as user_key7_1_ from reading reading0_
Hibernate: select book0_.book_key as book_key1_0_0_, book0_.created_date as created_2_0_0_, book0_.modified_date as modified3_0_0_, book0_.author as author4_0_0_, book0_.book_content as book_con5_0_0_, book0_.book_cover as book_cov6_0_0_, book0_.book_intro as book_int7_0_0_, book0_.country as country8_0_0_, book0_.published_date as publishe9_0_0_, book0_.publisher as publish10_0_0_, book0_.title as title11_0_0_, book0_.total_page as total_p12_0_0_ from book book0_ where book0_.book_key=?
Hibernate: select user0_.user_key as user_key1_2_0_, user0_.created_date as created_2_2_0_, user0_.modified_date as modified3_2_0_, user0_.email as email4_2_0_, user0_.role as role5_2_0_ from user user0_ where user0_.user_key=?
Hibernate: select reading0_.reading_key as reading_1_1_, reading0_.book_key as book_key6_1_, reading0_.book_report as book_rep2_1_, reading0_.current_page as current_3_1_, reading0_.is_written_book_report as is_writt4_1_, reading0_.score as score5_1_, reading0_.user_key as user_key7_1_ from reading reading0_
Hibernate: select book0_.book_key as book_key1_0_0_, book0_.created_date as created_2_0_0_, book0_.modified_date as modified3_0_0_, book0_.author as author4_0_0_, book0_.book_content as book_con5_0_0_, book0_.book_cover as book_cov6_0_0_, book0_.book_intro as book_int7_0_0_, book0_.country as country8_0_0_, book0_.published_date as publishe9_0_0_, book0_.publisher as publish10_0_0_, book0_.title as title11_0_0_, book0_.total_page as total_p12_0_0_ from book book0_ where book0_.book_key=?
Hibernate: select user0_.user_key as user_key1_2_0_, user0_.created_date as created_2_2_0_, user0_.modified_date as modified3_2_0_, user0_.email as email4_2_0_, user0_.role as role5_2_0_ from user user0_ where user0_.user_key=?
Hibernate: select list0_.book_key as book_key6_1_0_, list0_.reading_key as reading_1_1_0_, list0_.reading_key as reading_1_1_1_, list0_.book_key as book_key6_1_1_, list0_.book_report as book_rep2_1_1_, list0_.current_page as current_3_1_1_, list0_.is_written_book_report as is_writt4_1_1_, list0_.score as score5_1_1_, list0_.user_key as user_key7_1_1_, user1_.user_key as user_key1_2_2_, user1_.created_date as created_2_2_2_, user1_.modified_date as modified3_2_2_, user1_.email as email4_2_2_, user1_.role as role5_2_2_ from reading list0_ left outer join user user1_ on list0_.user_key=user1_.user_key where list0_.book_key=?
Hibernate: select list0_.user_key as user_key7_1_0_, list0_.reading_key as reading_1_1_0_, list0_.reading_key as reading_1_1_1_, list0_.book_key as book_key6_1_1_, list0_.book_report as book_rep2_1_1_, list0_.current_page as current_3_1_1_, list0_.is_written_book_report as is_writt4_1_1_, list0_.score as score5_1_1_, list0_.user_key as user_key7_1_1_, book1_.book_key as book_key1_0_2_, book1_.created_date as created_2_0_2_, book1_.modified_date as modified3_0_2_, book1_.author as author4_0_2_, book1_.book_content as book_con5_0_2_, book1_.book_cover as book_cov6_0_2_, book1_.book_intro as book_int7_0_2_, book1_.country as country8_0_2_, book1_.published_date as publishe9_0_2_, book1_.publisher as publish10_0_2_, book1_.title as title11_0_2_, book1_.total_page as total_p12_0_2_ from reading list0_ left outer join book book1_ on list0_.book_key=book1_.book_key where list0_.user_key=?
Hibernate: delete from reading where reading_key=?
Hibernate: delete from book where book_key=?
Hibernate: delete from user where user_key=?
]]></system-out>
  <system-err><![CDATA[]]></system-err>
</testsuite>
