<?xml version="1.0" encoding="UTF-8"?>
<testsuite name="com.liverary.book.springboot.web.domain.book.BookRepositoryTest" tests="1" skipped="0" failures="0" errors="0" timestamp="2022-01-16T02:16:54" hostname="LAPTOP-CPS8H9OM" time="0.198">
  <properties/>
  <testcase name="게시글저장_불러오기" classname="com.liverary.book.springboot.web.domain.book.BookRepositoryTest" time="0.198"/>
  <system-out><![CDATA[11:16:49.856 [Test worker] DEBUG org.springframework.test.context.junit4.SpringJUnit4ClassRunner - SpringJUnit4ClassRunner constructor called with [class com.liverary.book.springboot.web.domain.book.BookRepositoryTest]
11:16:49.863 [Test worker] DEBUG org.springframework.test.context.BootstrapUtils - Instantiating CacheAwareContextLoaderDelegate from class [org.springframework.test.context.cache.DefaultCacheAwareContextLoaderDelegate]
11:16:49.873 [Test worker] DEBUG org.springframework.test.context.BootstrapUtils - Instantiating BootstrapContext using constructor [public org.springframework.test.context.support.DefaultBootstrapContext(java.lang.Class,org.springframework.test.context.CacheAwareContextLoaderDelegate)]
11:16:49.887 [Test worker] DEBUG org.springframework.test.context.BootstrapUtils - Instantiating TestContextBootstrapper for test class [com.liverary.book.springboot.web.domain.book.BookRepositoryTest] from class [org.springframework.boot.test.context.SpringBootTestContextBootstrapper]
11:16:49.895 [Test worker] INFO org.springframework.boot.test.context.SpringBootTestContextBootstrapper - Neither @ContextConfiguration nor @ContextHierarchy found for test class [com.liverary.book.springboot.web.domain.book.BookRepositoryTest], using SpringBootContextLoader
11:16:49.899 [Test worker] DEBUG org.springframework.test.context.support.AbstractContextLoader - Did not detect default resource location for test class [com.liverary.book.springboot.web.domain.book.BookRepositoryTest]: class path resource [com/liverary/book/springboot/web/domain/book/BookRepositoryTest-context.xml] does not exist
11:16:49.900 [Test worker] DEBUG org.springframework.test.context.support.AbstractContextLoader - Did not detect default resource location for test class [com.liverary.book.springboot.web.domain.book.BookRepositoryTest]: class path resource [com/liverary/book/springboot/web/domain/book/BookRepositoryTestContext.groovy] does not exist
11:16:49.900 [Test worker] INFO org.springframework.test.context.support.AbstractContextLoader - Could not detect default resource locations for test class [com.liverary.book.springboot.web.domain.book.BookRepositoryTest]: no resource found for suffixes {-context.xml, Context.groovy}.
11:16:49.901 [Test worker] INFO org.springframework.test.context.support.AnnotationConfigContextLoaderUtils - Could not detect default configuration classes for test class [com.liverary.book.springboot.web.domain.book.BookRepositoryTest]: BookRepositoryTest does not declare any static, non-private, non-final, nested classes annotated with @Configuration.
11:16:49.934 [Test worker] DEBUG org.springframework.test.context.support.ActiveProfilesUtils - Could not find an 'annotation declaring class' for annotation type [org.springframework.test.context.ActiveProfiles] and class [com.liverary.book.springboot.web.domain.book.BookRepositoryTest]
11:16:50.005 [Test worker] DEBUG org.springframework.context.annotation.ClassPathScanningCandidateComponentProvider - Identified candidate component class: file [C:\Users\diddm\IdeaProjects\donghwaproject\build\classes\java\main\com\liverary\book\springboot\Application.class]
11:16:50.006 [Test worker] INFO org.springframework.boot.test.context.SpringBootTestContextBootstrapper - Found @SpringBootConfiguration com.liverary.book.springboot.Application for test class com.liverary.book.springboot.web.domain.book.BookRepositoryTest
11:16:50.077 [Test worker] DEBUG org.springframework.boot.test.context.SpringBootTestContextBootstrapper - @TestExecutionListeners is not present for class [com.liverary.book.springboot.web.domain.book.BookRepositoryTest]: using defaults.
11:16:50.078 [Test worker] INFO org.springframework.boot.test.context.SpringBootTestContextBootstrapper - Loaded default TestExecutionListener class names from location [META-INF/spring.factories]: [org.springframework.boot.test.autoconfigure.restdocs.RestDocsTestExecutionListener, org.springframework.boot.test.autoconfigure.web.client.MockRestServiceServerResetTestExecutionListener, org.springframework.boot.test.autoconfigure.web.servlet.MockMvcPrintOnlyOnFailureTestExecutionListener, org.springframework.boot.test.autoconfigure.web.servlet.WebDriverTestExecutionListener, org.springframework.boot.test.mock.mockito.MockitoTestExecutionListener, org.springframework.boot.test.mock.mockito.ResetMocksTestExecutionListener, org.springframework.test.context.web.ServletTestExecutionListener, org.springframework.test.context.support.DirtiesContextBeforeModesTestExecutionListener, org.springframework.test.context.support.DependencyInjectionTestExecutionListener, org.springframework.test.context.support.DirtiesContextTestExecutionListener, org.springframework.test.context.transaction.TransactionalTestExecutionListener, org.springframework.test.context.jdbc.SqlScriptsTestExecutionListener]
11:16:50.093 [Test worker] INFO org.springframework.boot.test.context.SpringBootTestContextBootstrapper - Using TestExecutionListeners: [org.springframework.test.context.web.ServletTestExecutionListener@79f20e82, org.springframework.test.context.support.DirtiesContextBeforeModesTestExecutionListener@37e62641, org.springframework.boot.test.mock.mockito.MockitoTestExecutionListener@3dde9351, org.springframework.boot.test.autoconfigure.SpringBootDependencyInjectionTestExecutionListener@6b83b5d6, org.springframework.test.context.support.DirtiesContextTestExecutionListener@26c203a, org.springframework.test.context.transaction.TransactionalTestExecutionListener@43eda18, org.springframework.test.context.jdbc.SqlScriptsTestExecutionListener@4db395d5, org.springframework.boot.test.autoconfigure.restdocs.RestDocsTestExecutionListener@3be8b4b0, org.springframework.boot.test.autoconfigure.web.client.MockRestServiceServerResetTestExecutionListener@58e62e07, org.springframework.boot.test.autoconfigure.web.servlet.MockMvcPrintOnlyOnFailureTestExecutionListener@2a7ad119, org.springframework.boot.test.autoconfigure.web.servlet.WebDriverTestExecutionListener@7bb6f4be, org.springframework.boot.test.mock.mockito.ResetMocksTestExecutionListener@585924c]
11:16:50.095 [Test worker] DEBUG org.springframework.test.annotation.ProfileValueUtils - Retrieved @ProfileValueSourceConfiguration [null] for test class [com.liverary.book.springboot.web.domain.book.BookRepositoryTest]
11:16:50.096 [Test worker] DEBUG org.springframework.test.annotation.ProfileValueUtils - Retrieved ProfileValueSource type [class org.springframework.test.annotation.SystemProfileValueSource] for class [com.liverary.book.springboot.web.domain.book.BookRepositoryTest]
11:16:50.100 [Test worker] DEBUG org.springframework.test.annotation.ProfileValueUtils - Retrieved @ProfileValueSourceConfiguration [null] for test class [com.liverary.book.springboot.web.domain.book.BookRepositoryTest]
11:16:50.100 [Test worker] DEBUG org.springframework.test.annotation.ProfileValueUtils - Retrieved ProfileValueSource type [class org.springframework.test.annotation.SystemProfileValueSource] for class [com.liverary.book.springboot.web.domain.book.BookRepositoryTest]
11:16:50.101 [Test worker] DEBUG org.springframework.test.annotation.ProfileValueUtils - Retrieved @ProfileValueSourceConfiguration [null] for test class [com.liverary.book.springboot.web.domain.book.BookRepositoryTest]
11:16:50.101 [Test worker] DEBUG org.springframework.test.annotation.ProfileValueUtils - Retrieved ProfileValueSource type [class org.springframework.test.annotation.SystemProfileValueSource] for class [com.liverary.book.springboot.web.domain.book.BookRepositoryTest]
11:16:50.104 [Test worker] DEBUG org.springframework.test.context.support.AbstractDirtiesContextTestExecutionListener - Before test class: context [DefaultTestContext@6067d7cd testClass = BookRepositoryTest, testInstance = [null], testMethod = [null], testException = [null], mergedContextConfiguration = [WebMergedContextConfiguration@4a333b45 testClass = BookRepositoryTest, locations = '{}', classes = '{class com.liverary.book.springboot.Application}', contextInitializerClasses = '[]', activeProfiles = '{}', propertySourceLocations = '{}', propertySourceProperties = '{org.springframework.boot.test.context.SpringBootTestContextBootstrapper=true}', contextCustomizers = set[org.springframework.boot.test.autoconfigure.properties.PropertyMappingContextCustomizer@0, org.springframework.boot.test.autoconfigure.web.servlet.WebDriverContextCustomizerFactory$Customizer@318afacc, org.springframework.boot.test.context.filter.ExcludeFilterContextCustomizer@50ca6a47, org.springframework.boot.test.json.DuplicateJsonObjectContextCustomizerFactory$DuplicateJsonObjectContextCustomizer@4310fa35, org.springframework.boot.test.mock.mockito.MockitoContextCustomizer@0, org.springframework.boot.test.web.client.TestRestTemplateContextCustomizer@64870538, org.springframework.test.context.web.socket.MockServerContainerContextCustomizer@4a033474], resourceBasePath = 'src/main/webapp', contextLoader = 'org.springframework.boot.test.context.SpringBootContextLoader', parent = [null]], attributes = map['org.springframework.test.context.web.ServletTestExecutionListener.activateListener' -> true]], class annotated with @DirtiesContext [false] with mode [null].
11:16:50.104 [Test worker] DEBUG org.springframework.test.annotation.ProfileValueUtils - Retrieved @ProfileValueSourceConfiguration [null] for test class [com.liverary.book.springboot.web.domain.book.BookRepositoryTest]
11:16:50.104 [Test worker] DEBUG org.springframework.test.annotation.ProfileValueUtils - Retrieved ProfileValueSource type [class org.springframework.test.annotation.SystemProfileValueSource] for class [com.liverary.book.springboot.web.domain.book.BookRepositoryTest]
11:16:50.120 [Test worker] DEBUG org.springframework.test.context.support.TestPropertySourceUtils - Adding inlined properties to environment: {spring.jmx.enabled=false, org.springframework.boot.test.context.SpringBootTestContextBootstrapper=true, server.port=-1}

  .   ____          _            __ _ _
 /\\ / ___'_ __ _ _(_)_ __  __ _ \ \ \ \
( ( )\___ | '_ | '_| | '_ \/ _` | \ \ \ \
 \\/  ___)| |_)| | | | | || (_| |  ) ) ) )
  '  |____| .__|_| |_|_| |_\__, | / / / /
 =========|_|==============|___/=/_/_/_/
 :: Spring Boot ::        (v2.1.9.RELEASE)

2022-01-16 11:16:50.328  INFO 14780 --- [    Test worker] c.l.b.s.w.d.book.BookRepositoryTest      : Starting BookRepositoryTest on LAPTOP-CPS8H9OM with PID 14780 (started by diddm in C:\Users\diddm\IdeaProjects\donghwaproject)
2022-01-16 11:16:50.329  INFO 14780 --- [    Test worker] c.l.b.s.w.d.book.BookRepositoryTest      : No active profile set, falling back to default profiles: default
2022-01-16 11:16:50.954  INFO 14780 --- [    Test worker] .s.d.r.c.RepositoryConfigurationDelegate : Bootstrapping Spring Data repositories in DEFAULT mode.
2022-01-16 11:16:51.029  INFO 14780 --- [    Test worker] .s.d.r.c.RepositoryConfigurationDelegate : Finished Spring Data repository scanning in 64ms. Found 3 repository interfaces.
2022-01-16 11:16:51.403  INFO 14780 --- [    Test worker] trationDelegate$BeanPostProcessorChecker : Bean 'org.springframework.transaction.annotation.ProxyTransactionManagementConfiguration' of type [org.springframework.transaction.annotation.ProxyTransactionManagementConfiguration$$EnhancerBySpringCGLIB$$4558dfe4] is not eligible for getting processed by all BeanPostProcessors (for example: not eligible for auto-proxying)
2022-01-16 11:16:51.595  INFO 14780 --- [    Test worker] com.zaxxer.hikari.HikariDataSource       : HikariPool-1 - Starting...
2022-01-16 11:16:51.731  INFO 14780 --- [    Test worker] com.zaxxer.hikari.HikariDataSource       : HikariPool-1 - Start completed.
2022-01-16 11:16:51.792  INFO 14780 --- [    Test worker] o.hibernate.jpa.internal.util.LogHelper  : HHH000204: Processing PersistenceUnitInfo [
	name: default
	...]
2022-01-16 11:16:51.858  INFO 14780 --- [    Test worker] org.hibernate.Version                    : HHH000412: Hibernate Core {5.3.12.Final}
2022-01-16 11:16:51.860  INFO 14780 --- [    Test worker] org.hibernate.cfg.Environment            : HHH000206: hibernate.properties not found
2022-01-16 11:16:51.994  INFO 14780 --- [    Test worker] o.hibernate.annotations.common.Version   : HCANN000001: Hibernate Commons Annotations {5.0.4.Final}
2022-01-16 11:16:52.131  INFO 14780 --- [    Test worker] org.hibernate.dialect.Dialect            : HHH000400: Using dialect: org.hibernate.dialect.MySQL5Dialect
Hibernate: 
    
    alter table reading 
       add constraint FKrfxatjjy0cq4evwbly5gj89u8 
       foreign key (book_key) 
       references book (book_key)
Hibernate: 
    
    alter table reading 
       add constraint FKkj9r4htvigtimsgqakcfyt88c 
       foreign key (user_key) 
       references user (user_key)
2022-01-16 11:16:52.768  INFO 14780 --- [    Test worker] j.LocalContainerEntityManagerFactoryBean : Initialized JPA EntityManagerFactory for persistence unit 'default'
2022-01-16 11:16:53.607  INFO 14780 --- [    Test worker] o.s.s.concurrent.ThreadPoolTaskExecutor  : Initializing ExecutorService 'applicationTaskExecutor'
2022-01-16 11:16:53.674  WARN 14780 --- [    Test worker] aWebConfiguration$JpaWebMvcConfiguration : spring.jpa.open-in-view is enabled by default. Therefore, database queries may be performed during view rendering. Explicitly configure spring.jpa.open-in-view to disable this warning
2022-01-16 11:16:53.716  INFO 14780 --- [    Test worker] o.s.b.a.w.s.WelcomePageHandlerMapping    : Adding welcome page template: index
2022-01-16 11:16:54.142  INFO 14780 --- [    Test worker] s.a.ScheduledAnnotationBeanPostProcessor : No TaskScheduler/ScheduledExecutorService bean found for scheduled processing
2022-01-16 11:16:54.157  INFO 14780 --- [    Test worker] c.l.b.s.w.d.book.BookRepositoryTest      : Started BookRepositoryTest in 4.031 seconds (JVM running for 4.92)
Hibernate: 
    insert 
    into
        book
        (author, book_content, book_cover, book_intro, country, published_date, publisher, registered_date, title, total_page) 
    values
        (?, ?, ?, ?, ?, ?, ?, ?, ?, ?)
]]></system-out>
  <system-err><![CDATA[]]></system-err>
</testsuite>
