<?xml version="1.0" encoding="UTF-8"?>
<testsuite name="com.liverary.book.springboot.domain.reading.ReadingRepositoryTest" tests="1" skipped="0" failures="0" errors="0" timestamp="2022-01-25T14:23:23" hostname="DESKTOP-KPGTJID" time="0.299">
  <properties/>
  <testcase name="게시글저장_불러오기" classname="com.liverary.book.springboot.domain.reading.ReadingRepositoryTest" time="0.299"/>
  <system-out><![CDATA[23:23:16.833 [Test worker] DEBUG org.springframework.test.context.junit4.SpringJUnit4ClassRunner - SpringJUnit4ClassRunner constructor called with [class com.liverary.book.springboot.domain.reading.ReadingRepositoryTest]
23:23:16.840 [Test worker] DEBUG org.springframework.test.context.BootstrapUtils - Instantiating CacheAwareContextLoaderDelegate from class [org.springframework.test.context.cache.DefaultCacheAwareContextLoaderDelegate]
23:23:16.848 [Test worker] DEBUG org.springframework.test.context.BootstrapUtils - Instantiating BootstrapContext using constructor [public org.springframework.test.context.support.DefaultBootstrapContext(java.lang.Class,org.springframework.test.context.CacheAwareContextLoaderDelegate)]
23:23:16.862 [Test worker] DEBUG org.springframework.test.context.BootstrapUtils - Instantiating TestContextBootstrapper for test class [com.liverary.book.springboot.domain.reading.ReadingRepositoryTest] from class [org.springframework.boot.test.context.SpringBootTestContextBootstrapper]
23:23:16.875 [Test worker] INFO org.springframework.boot.test.context.SpringBootTestContextBootstrapper - Neither @ContextConfiguration nor @ContextHierarchy found for test class [com.liverary.book.springboot.domain.reading.ReadingRepositoryTest], using SpringBootContextLoader
23:23:16.878 [Test worker] DEBUG org.springframework.test.context.support.AbstractContextLoader - Did not detect default resource location for test class [com.liverary.book.springboot.domain.reading.ReadingRepositoryTest]: class path resource [com/liverary/book/springboot/domain/reading/ReadingRepositoryTest-context.xml] does not exist
23:23:16.878 [Test worker] DEBUG org.springframework.test.context.support.AbstractContextLoader - Did not detect default resource location for test class [com.liverary.book.springboot.domain.reading.ReadingRepositoryTest]: class path resource [com/liverary/book/springboot/domain/reading/ReadingRepositoryTestContext.groovy] does not exist
23:23:16.878 [Test worker] INFO org.springframework.test.context.support.AbstractContextLoader - Could not detect default resource locations for test class [com.liverary.book.springboot.domain.reading.ReadingRepositoryTest]: no resource found for suffixes {-context.xml, Context.groovy}.
23:23:16.879 [Test worker] INFO org.springframework.test.context.support.AnnotationConfigContextLoaderUtils - Could not detect default configuration classes for test class [com.liverary.book.springboot.domain.reading.ReadingRepositoryTest]: ReadingRepositoryTest does not declare any static, non-private, non-final, nested classes annotated with @Configuration.
23:23:16.915 [Test worker] DEBUG org.springframework.test.context.support.ActiveProfilesUtils - Could not find an 'annotation declaring class' for annotation type [org.springframework.test.context.ActiveProfiles] and class [com.liverary.book.springboot.domain.reading.ReadingRepositoryTest]
23:23:16.990 [Test worker] DEBUG org.springframework.context.annotation.ClassPathScanningCandidateComponentProvider - Identified candidate component class: file [C:\Users\JIWON KIM\Desktop\dong\build\classes\java\main\com\liverary\book\springboot\Application.class]
23:23:16.992 [Test worker] INFO org.springframework.boot.test.context.SpringBootTestContextBootstrapper - Found @SpringBootConfiguration com.liverary.book.springboot.Application for test class com.liverary.book.springboot.domain.reading.ReadingRepositoryTest
23:23:17.093 [Test worker] DEBUG org.springframework.boot.test.context.SpringBootTestContextBootstrapper - @TestExecutionListeners is not present for class [com.liverary.book.springboot.domain.reading.ReadingRepositoryTest]: using defaults.
23:23:17.094 [Test worker] INFO org.springframework.boot.test.context.SpringBootTestContextBootstrapper - Loaded default TestExecutionListener class names from location [META-INF/spring.factories]: [org.springframework.boot.test.autoconfigure.restdocs.RestDocsTestExecutionListener, org.springframework.boot.test.autoconfigure.web.client.MockRestServiceServerResetTestExecutionListener, org.springframework.boot.test.autoconfigure.web.servlet.MockMvcPrintOnlyOnFailureTestExecutionListener, org.springframework.boot.test.autoconfigure.web.servlet.WebDriverTestExecutionListener, org.springframework.boot.test.mock.mockito.MockitoTestExecutionListener, org.springframework.boot.test.mock.mockito.ResetMocksTestExecutionListener, org.springframework.test.context.web.ServletTestExecutionListener, org.springframework.test.context.support.DirtiesContextBeforeModesTestExecutionListener, org.springframework.test.context.support.DependencyInjectionTestExecutionListener, org.springframework.test.context.support.DirtiesContextTestExecutionListener, org.springframework.test.context.transaction.TransactionalTestExecutionListener, org.springframework.test.context.jdbc.SqlScriptsTestExecutionListener]
23:23:17.113 [Test worker] INFO org.springframework.boot.test.context.SpringBootTestContextBootstrapper - Using TestExecutionListeners: [org.springframework.test.context.web.ServletTestExecutionListener@26a8e510, org.springframework.test.context.support.DirtiesContextBeforeModesTestExecutionListener@69d966c9, org.springframework.boot.test.mock.mockito.MockitoTestExecutionListener@1f5c651f, org.springframework.boot.test.autoconfigure.SpringBootDependencyInjectionTestExecutionListener@57d50565, org.springframework.test.context.support.DirtiesContextTestExecutionListener@36b4faea, org.springframework.test.context.transaction.TransactionalTestExecutionListener@14793ddb, org.springframework.test.context.jdbc.SqlScriptsTestExecutionListener@6871d6d6, org.springframework.boot.test.autoconfigure.restdocs.RestDocsTestExecutionListener@17f00890, org.springframework.boot.test.autoconfigure.web.client.MockRestServiceServerResetTestExecutionListener@602c32e, org.springframework.boot.test.autoconfigure.web.servlet.MockMvcPrintOnlyOnFailureTestExecutionListener@5b48a1d0, org.springframework.boot.test.autoconfigure.web.servlet.WebDriverTestExecutionListener@3d690b09, org.springframework.boot.test.mock.mockito.ResetMocksTestExecutionListener@2a4a20bc]
23:23:17.117 [Test worker] DEBUG org.springframework.test.annotation.ProfileValueUtils - Retrieved @ProfileValueSourceConfiguration [null] for test class [com.liverary.book.springboot.domain.reading.ReadingRepositoryTest]
23:23:17.117 [Test worker] DEBUG org.springframework.test.annotation.ProfileValueUtils - Retrieved ProfileValueSource type [class org.springframework.test.annotation.SystemProfileValueSource] for class [com.liverary.book.springboot.domain.reading.ReadingRepositoryTest]
23:23:17.120 [Test worker] DEBUG org.springframework.test.annotation.ProfileValueUtils - Retrieved @ProfileValueSourceConfiguration [null] for test class [com.liverary.book.springboot.domain.reading.ReadingRepositoryTest]
23:23:17.120 [Test worker] DEBUG org.springframework.test.annotation.ProfileValueUtils - Retrieved ProfileValueSource type [class org.springframework.test.annotation.SystemProfileValueSource] for class [com.liverary.book.springboot.domain.reading.ReadingRepositoryTest]
23:23:17.121 [Test worker] DEBUG org.springframework.test.annotation.ProfileValueUtils - Retrieved @ProfileValueSourceConfiguration [null] for test class [com.liverary.book.springboot.domain.reading.ReadingRepositoryTest]
23:23:17.121 [Test worker] DEBUG org.springframework.test.annotation.ProfileValueUtils - Retrieved ProfileValueSource type [class org.springframework.test.annotation.SystemProfileValueSource] for class [com.liverary.book.springboot.domain.reading.ReadingRepositoryTest]
23:23:17.125 [Test worker] DEBUG org.springframework.test.context.support.AbstractDirtiesContextTestExecutionListener - Before test class: context [DefaultTestContext@52b5cdb8 testClass = ReadingRepositoryTest, testInstance = [null], testMethod = [null], testException = [null], mergedContextConfiguration = [WebMergedContextConfiguration@67debd51 testClass = ReadingRepositoryTest, locations = '{}', classes = '{class com.liverary.book.springboot.Application}', contextInitializerClasses = '[]', activeProfiles = '{}', propertySourceLocations = '{}', propertySourceProperties = '{org.springframework.boot.test.context.SpringBootTestContextBootstrapper=true}', contextCustomizers = set[org.springframework.boot.test.autoconfigure.properties.PropertyMappingContextCustomizer@0, org.springframework.boot.test.autoconfigure.web.servlet.WebDriverContextCustomizerFactory$Customizer@4e465dc2, org.springframework.boot.test.context.filter.ExcludeFilterContextCustomizer@4750b2a8, org.springframework.boot.test.json.DuplicateJsonObjectContextCustomizerFactory$DuplicateJsonObjectContextCustomizer@685f07ee, org.springframework.boot.test.mock.mockito.MockitoContextCustomizer@0, org.springframework.boot.test.web.client.TestRestTemplateContextCustomizer@47f7fbfe], resourceBasePath = 'src/main/webapp', contextLoader = 'org.springframework.boot.test.context.SpringBootContextLoader', parent = [null]], attributes = map['org.springframework.test.context.web.ServletTestExecutionListener.activateListener' -> true]], class annotated with @DirtiesContext [false] with mode [null].
23:23:17.125 [Test worker] DEBUG org.springframework.test.annotation.ProfileValueUtils - Retrieved @ProfileValueSourceConfiguration [null] for test class [com.liverary.book.springboot.domain.reading.ReadingRepositoryTest]
23:23:17.125 [Test worker] DEBUG org.springframework.test.annotation.ProfileValueUtils - Retrieved ProfileValueSource type [class org.springframework.test.annotation.SystemProfileValueSource] for class [com.liverary.book.springboot.domain.reading.ReadingRepositoryTest]
23:23:17.146 [Test worker] DEBUG org.springframework.test.context.support.TestPropertySourceUtils - Adding inlined properties to environment: {spring.jmx.enabled=false, org.springframework.boot.test.context.SpringBootTestContextBootstrapper=true, server.port=-1}

  .   ____          _            __ _ _
 /\\ / ___'_ __ _ _(_)_ __  __ _ \ \ \ \
( ( )\___ | '_ | '_| | '_ \/ _` | \ \ \ \
 \\/  ___)| |_)| | | | | || (_| |  ) ) ) )
  '  |____| .__|_| |_|_| |_\__, | / / / /
 =========|_|==============|___/=/_/_/_/
 :: Spring Boot ::        (v2.1.9.RELEASE)

2022-01-25 23:23:17.437  INFO 14136 --- [    Test worker] c.l.b.s.d.reading.ReadingRepositoryTest  : Starting ReadingRepositoryTest on DESKTOP-KPGTJID with PID 14136 (started by JIWON KIM in C:\Users\JIWON KIM\Desktop\dong)
2022-01-25 23:23:17.438  INFO 14136 --- [    Test worker] c.l.b.s.d.reading.ReadingRepositoryTest  : The following profiles are active: google
2022-01-25 23:23:18.221  INFO 14136 --- [    Test worker] .s.d.r.c.RepositoryConfigurationDelegate : Bootstrapping Spring Data repositories in DEFAULT mode.
2022-01-25 23:23:18.316  INFO 14136 --- [    Test worker] .s.d.r.c.RepositoryConfigurationDelegate : Finished Spring Data repository scanning in 88ms. Found 3 repository interfaces.
2022-01-25 23:23:18.771  INFO 14136 --- [    Test worker] trationDelegate$BeanPostProcessorChecker : Bean 'org.springframework.transaction.annotation.ProxyTransactionManagementConfiguration' of type [org.springframework.transaction.annotation.ProxyTransactionManagementConfiguration$$EnhancerBySpringCGLIB$$d644e4e3] is not eligible for getting processed by all BeanPostProcessors (for example: not eligible for auto-proxying)
2022-01-25 23:23:19.072  INFO 14136 --- [    Test worker] o.hibernate.jpa.internal.util.LogHelper  : HHH000204: Processing PersistenceUnitInfo [
	name: default
	...]
2022-01-25 23:23:19.154  INFO 14136 --- [    Test worker] org.hibernate.Version                    : HHH000412: Hibernate Core {5.3.12.Final}
2022-01-25 23:23:19.156  INFO 14136 --- [    Test worker] org.hibernate.cfg.Environment            : HHH000206: hibernate.properties not found
2022-01-25 23:23:19.336  INFO 14136 --- [    Test worker] o.hibernate.annotations.common.Version   : HCANN000001: Hibernate Commons Annotations {5.0.4.Final}
2022-01-25 23:23:19.495  INFO 14136 --- [    Test worker] com.zaxxer.hikari.HikariDataSource       : HikariPool-1 - Starting...
2022-01-25 23:23:19.635  INFO 14136 --- [    Test worker] com.zaxxer.hikari.HikariDataSource       : HikariPool-1 - Start completed.
2022-01-25 23:23:19.652  INFO 14136 --- [    Test worker] org.hibernate.dialect.Dialect            : HHH000400: Using dialect: org.hibernate.dialect.MySQL5InnoDBDialect
Hibernate: alter table reading drop foreign key FKrfxatjjy0cq4evwbly5gj89u8
Hibernate: alter table reading drop foreign key FKkj9r4htvigtimsgqakcfyt88c
Hibernate: drop table if exists book
Hibernate: drop table if exists reading
Hibernate: drop table if exists user
Hibernate: create table book (book_key bigint not null auto_increment, created_date datetime, modified_date datetime, author varchar(500) not null, book_content TEXT not null, book_cover varchar(500) not null, book_intro varchar(500) not null, country varchar(255), published_date date not null, publisher varchar(500) not null, title varchar(500) not null, total_page integer not null, primary key (book_key)) engine=InnoDB
Hibernate: create table reading (reading_key bigint not null auto_increment, book_report varchar(100), current_page integer not null, is_written_book_report integer not null, score integer not null, book_key bigint, user_key bigint, primary key (reading_key)) engine=InnoDB
Hibernate: create table user (user_key bigint not null auto_increment, created_date datetime, modified_date datetime, email varchar(500) not null, role varchar(255), primary key (user_key)) engine=InnoDB
Hibernate: alter table reading add constraint UKs1ptw5ut3uft28ayu7q50knk2 unique (book_key, user_key)
Hibernate: alter table reading add constraint FKrfxatjjy0cq4evwbly5gj89u8 foreign key (book_key) references book (book_key)
Hibernate: alter table reading add constraint FKkj9r4htvigtimsgqakcfyt88c foreign key (user_key) references user (user_key)
2022-01-25 23:23:20.762  INFO 14136 --- [    Test worker] o.h.t.schema.internal.SchemaCreatorImpl  : HHH000476: Executing import script 'org.hibernate.tool.schema.internal.exec.ScriptSourceInputNonExistentImpl@49e283f3'
2022-01-25 23:23:20.764  INFO 14136 --- [    Test worker] j.LocalContainerEntityManagerFactoryBean : Initialized JPA EntityManagerFactory for persistence unit 'default'
2022-01-25 23:23:21.306  INFO 14136 --- [    Test worker] o.h.h.i.QueryTranslatorFactoryInitiator  : HHH000397: Using ASTQueryTranslatorFactory
2022-01-25 23:23:22.014  INFO 14136 --- [    Test worker] o.s.s.web.DefaultSecurityFilterChain     : Creating filter chain: any request, [org.springframework.security.web.context.request.async.WebAsyncManagerIntegrationFilter@6c3a75ff, org.springframework.security.web.context.SecurityContextPersistenceFilter@45740963, org.springframework.security.web.header.HeaderWriterFilter@5a9a2f7b, org.springframework.security.web.authentication.logout.LogoutFilter@55608830, org.springframework.security.oauth2.client.web.OAuth2AuthorizationRequestRedirectFilter@1189a195, org.springframework.security.oauth2.client.web.OAuth2LoginAuthenticationFilter@209b0ce, org.springframework.security.web.authentication.ui.DefaultLoginPageGeneratingFilter@2b56483f, org.springframework.security.web.authentication.ui.DefaultLogoutPageGeneratingFilter@17547e9d, org.springframework.security.web.savedrequest.RequestCacheAwareFilter@62cd27b1, org.springframework.security.web.servletapi.SecurityContextHolderAwareRequestFilter@1a92b63b, org.springframework.security.web.authentication.AnonymousAuthenticationFilter@28736437, org.springframework.security.web.session.SessionManagementFilter@29ddeaa7, org.springframework.security.web.access.ExceptionTranslationFilter@3fb8d671, org.springframework.security.web.access.intercept.FilterSecurityInterceptor@5e2cc98d]
2022-01-25 23:23:22.573  INFO 14136 --- [    Test worker] o.s.s.concurrent.ThreadPoolTaskExecutor  : Initializing ExecutorService 'applicationTaskExecutor'
2022-01-25 23:23:22.636  WARN 14136 --- [    Test worker] aWebConfiguration$JpaWebMvcConfiguration : spring.jpa.open-in-view is enabled by default. Therefore, database queries may be performed during view rendering. Explicitly configure spring.jpa.open-in-view to disable this warning
2022-01-25 23:23:22.692  INFO 14136 --- [    Test worker] o.s.b.a.w.s.WelcomePageHandlerMapping    : Adding welcome page template: index
2022-01-25 23:23:23.277  INFO 14136 --- [    Test worker] s.a.ScheduledAnnotationBeanPostProcessor : No TaskScheduler/ScheduledExecutorService bean found for scheduled processing
2022-01-25 23:23:23.288  INFO 14136 --- [    Test worker] c.l.b.s.d.reading.ReadingRepositoryTest  : Started ReadingRepositoryTest in 6.132 seconds (JVM running for 7.239)
Hibernate: insert into book (created_date, modified_date, author, book_content, book_cover, book_intro, country, published_date, publisher, title, total_page) values (?, ?, ?, ?, ?, ?, ?, ?, ?, ?, ?)
Hibernate: insert into user (created_date, modified_date, email, role) values (?, ?, ?, ?)
Hibernate: insert into reading (book_key, book_report, current_page, is_written_book_report, score, user_key) values (?, ?, ?, ?, ?, ?)
Hibernate: insert into book (created_date, modified_date, author, book_content, book_cover, book_intro, country, published_date, publisher, title, total_page) values (?, ?, ?, ?, ?, ?, ?, ?, ?, ?, ?)
Hibernate: insert into user (created_date, modified_date, email, role) values (?, ?, ?, ?)
Hibernate: insert into reading (book_key, book_report, current_page, is_written_book_report, score, user_key) values (?, ?, ?, ?, ?, ?)
Hibernate: select reading0_.reading_key as reading_1_1_, reading0_.book_key as book_key6_1_, reading0_.book_report as book_rep2_1_, reading0_.current_page as current_3_1_, reading0_.is_written_book_report as is_writt4_1_, reading0_.score as score5_1_, reading0_.user_key as user_key7_1_ from reading reading0_ where reading0_.book_key=? order by reading0_.reading_key DESC
Hibernate: select book0_.book_key as book_key1_0_0_, book0_.created_date as created_2_0_0_, book0_.modified_date as modified3_0_0_, book0_.author as author4_0_0_, book0_.book_content as book_con5_0_0_, book0_.book_cover as book_cov6_0_0_, book0_.book_intro as book_int7_0_0_, book0_.country as country8_0_0_, book0_.published_date as publishe9_0_0_, book0_.publisher as publish10_0_0_, book0_.title as title11_0_0_, book0_.total_page as total_p12_0_0_ from book book0_ where book0_.book_key=?
Hibernate: select user0_.user_key as user_key1_2_0_, user0_.created_date as created_2_2_0_, user0_.modified_date as modified3_2_0_, user0_.email as email4_2_0_, user0_.role as role5_2_0_ from user user0_ where user0_.user_key=?
]]></system-out>
  <system-err><![CDATA[]]></system-err>
</testsuite>
