<?xml version="1.0" encoding="UTF-8"?>
<testsuite name="com.liverary.book.springboot.domain.reading.ReadingRepositoryTest" tests="1" skipped="0" failures="1" errors="0" timestamp="2022-02-08T09:05:03" hostname="LYVA" time="0.166">
  <properties/>
  <testcase name="게시글저장_불러오기" classname="com.liverary.book.springboot.domain.reading.ReadingRepositoryTest" time="0.166">
    <failure message="org.junit.ComparisonFailure: expected:&lt;&quot;[테스트 책1]&quot;&gt; but was:&lt;&quot;[title]&quot;&gt;" type="org.junit.ComparisonFailure">org.junit.ComparisonFailure: expected:&lt;&quot;[테스트 책1]&quot;&gt; but was:&lt;&quot;[title]&quot;&gt;
	at java.base/jdk.internal.reflect.NativeConstructorAccessorImpl.newInstance0(Native Method)
	at java.base/jdk.internal.reflect.NativeConstructorAccessorImpl.newInstance(NativeConstructorAccessorImpl.java:62)
	at java.base/jdk.internal.reflect.DelegatingConstructorAccessorImpl.newInstance(DelegatingConstructorAccessorImpl.java:45)
	at java.base/java.lang.reflect.Constructor.newInstanceWithCaller(Constructor.java:500)
	at com.liverary.book.springboot.domain.reading.ReadingRepositoryTest.게시글저장_불러오기(ReadingRepositoryTest.java:76)
	at java.base/jdk.internal.reflect.NativeMethodAccessorImpl.invoke0(Native Method)
	at java.base/jdk.internal.reflect.NativeMethodAccessorImpl.invoke(NativeMethodAccessorImpl.java:62)
	at java.base/jdk.internal.reflect.DelegatingMethodAccessorImpl.invoke(DelegatingMethodAccessorImpl.java:43)
	at java.base/java.lang.reflect.Method.invoke(Method.java:564)
	at org.junit.runners.model.FrameworkMethod$1.runReflectiveCall(FrameworkMethod.java:50)
	at org.junit.internal.runners.model.ReflectiveCallable.run(ReflectiveCallable.java:12)
	at org.junit.runners.model.FrameworkMethod.invokeExplosively(FrameworkMethod.java:47)
	at org.junit.internal.runners.statements.InvokeMethod.evaluate(InvokeMethod.java:17)
	at org.springframework.test.context.junit4.statements.RunBeforeTestExecutionCallbacks.evaluate(RunBeforeTestExecutionCallbacks.java:74)
	at org.springframework.test.context.junit4.statements.RunAfterTestExecutionCallbacks.evaluate(RunAfterTestExecutionCallbacks.java:84)
	at org.springframework.test.context.junit4.statements.RunBeforeTestMethodCallbacks.evaluate(RunBeforeTestMethodCallbacks.java:75)
	at org.junit.internal.runners.statements.RunAfters.evaluate(RunAfters.java:27)
	at org.springframework.test.context.junit4.statements.RunAfterTestMethodCallbacks.evaluate(RunAfterTestMethodCallbacks.java:86)
	at org.springframework.test.context.junit4.statements.SpringRepeat.evaluate(SpringRepeat.java:84)
	at org.junit.runners.ParentRunner.runLeaf(ParentRunner.java:325)
	at org.springframework.test.context.junit4.SpringJUnit4ClassRunner.runChild(SpringJUnit4ClassRunner.java:251)
	at org.springframework.test.context.junit4.SpringJUnit4ClassRunner.runChild(SpringJUnit4ClassRunner.java:97)
	at org.junit.runners.ParentRunner$3.run(ParentRunner.java:290)
	at org.junit.runners.ParentRunner$1.schedule(ParentRunner.java:71)
	at org.junit.runners.ParentRunner.runChildren(ParentRunner.java:288)
	at org.junit.runners.ParentRunner.access$000(ParentRunner.java:58)
	at org.junit.runners.ParentRunner$2.evaluate(ParentRunner.java:268)
	at org.springframework.test.context.junit4.statements.RunBeforeTestClassCallbacks.evaluate(RunBeforeTestClassCallbacks.java:61)
	at org.springframework.test.context.junit4.statements.RunAfterTestClassCallbacks.evaluate(RunAfterTestClassCallbacks.java:70)
	at org.junit.runners.ParentRunner.run(ParentRunner.java:363)
	at org.springframework.test.context.junit4.SpringJUnit4ClassRunner.run(SpringJUnit4ClassRunner.java:190)
	at org.gradle.api.internal.tasks.testing.junit.JUnitTestClassExecutor.runTestClass(JUnitTestClassExecutor.java:110)
	at org.gradle.api.internal.tasks.testing.junit.JUnitTestClassExecutor.execute(JUnitTestClassExecutor.java:58)
	at org.gradle.api.internal.tasks.testing.junit.JUnitTestClassExecutor.execute(JUnitTestClassExecutor.java:38)
	at org.gradle.api.internal.tasks.testing.junit.AbstractJUnitTestClassProcessor.processTestClass(AbstractJUnitTestClassProcessor.java:62)
	at org.gradle.api.internal.tasks.testing.SuiteTestClassProcessor.processTestClass(SuiteTestClassProcessor.java:51)
	at java.base/jdk.internal.reflect.NativeMethodAccessorImpl.invoke0(Native Method)
	at java.base/jdk.internal.reflect.NativeMethodAccessorImpl.invoke(NativeMethodAccessorImpl.java:62)
	at java.base/jdk.internal.reflect.DelegatingMethodAccessorImpl.invoke(DelegatingMethodAccessorImpl.java:43)
	at java.base/java.lang.reflect.Method.invoke(Method.java:564)
	at org.gradle.internal.dispatch.ReflectionDispatch.dispatch(ReflectionDispatch.java:36)
	at org.gradle.internal.dispatch.ReflectionDispatch.dispatch(ReflectionDispatch.java:24)
	at org.gradle.internal.dispatch.ContextClassLoaderDispatch.dispatch(ContextClassLoaderDispatch.java:33)
	at org.gradle.internal.dispatch.ProxyDispatchAdapter$DispatchingInvocationHandler.invoke(ProxyDispatchAdapter.java:94)
	at com.sun.proxy.$Proxy2.processTestClass(Unknown Source)
	at org.gradle.api.internal.tasks.testing.worker.TestWorker.processTestClass(TestWorker.java:118)
	at java.base/jdk.internal.reflect.NativeMethodAccessorImpl.invoke0(Native Method)
	at java.base/jdk.internal.reflect.NativeMethodAccessorImpl.invoke(NativeMethodAccessorImpl.java:62)
	at java.base/jdk.internal.reflect.DelegatingMethodAccessorImpl.invoke(DelegatingMethodAccessorImpl.java:43)
	at java.base/java.lang.reflect.Method.invoke(Method.java:564)
	at org.gradle.internal.dispatch.ReflectionDispatch.dispatch(ReflectionDispatch.java:36)
	at org.gradle.internal.dispatch.ReflectionDispatch.dispatch(ReflectionDispatch.java:24)
	at org.gradle.internal.remote.internal.hub.MessageHubBackedObjectConnection$DispatchWrapper.dispatch(MessageHubBackedObjectConnection.java:182)
	at org.gradle.internal.remote.internal.hub.MessageHubBackedObjectConnection$DispatchWrapper.dispatch(MessageHubBackedObjectConnection.java:164)
	at org.gradle.internal.remote.internal.hub.MessageHub$Handler.run(MessageHub.java:412)
	at org.gradle.internal.concurrent.ExecutorPolicy$CatchAndRecordFailures.onExecute(ExecutorPolicy.java:64)
	at org.gradle.internal.concurrent.ManagedExecutorImpl$1.run(ManagedExecutorImpl.java:48)
	at java.base/java.util.concurrent.ThreadPoolExecutor.runWorker(ThreadPoolExecutor.java:1130)
	at java.base/java.util.concurrent.ThreadPoolExecutor$Worker.run(ThreadPoolExecutor.java:630)
	at org.gradle.internal.concurrent.ThreadFactoryImpl$ManagedThreadRunnable.run(ThreadFactoryImpl.java:56)
	at java.base/java.lang.Thread.run(Thread.java:832)
</failure>
  </testcase>
  <system-out><![CDATA[2022-02-08 18:04:57.277  INFO 34880 --- [    Test worker] .b.t.c.SpringBootTestContextBootstrapper : Neither @ContextConfiguration nor @ContextHierarchy found for test class [com.liverary.book.springboot.domain.reading.ReadingRepositoryTest], using SpringBootContextLoader
2022-02-08 18:04:57.281  INFO 34880 --- [    Test worker] o.s.t.c.support.AbstractContextLoader    : Could not detect default resource locations for test class [com.liverary.book.springboot.domain.reading.ReadingRepositoryTest]: no resource found for suffixes {-context.xml, Context.groovy}.
2022-02-08 18:04:57.281  INFO 34880 --- [    Test worker] t.c.s.AnnotationConfigContextLoaderUtils : Could not detect default configuration classes for test class [com.liverary.book.springboot.domain.reading.ReadingRepositoryTest]: ReadingRepositoryTest does not declare any static, non-private, non-final, nested classes annotated with @Configuration.
2022-02-08 18:04:57.318  INFO 34880 --- [    Test worker] .b.t.c.SpringBootTestContextBootstrapper : Found @SpringBootConfiguration com.liverary.book.springboot.Application for test class com.liverary.book.springboot.domain.reading.ReadingRepositoryTest
2022-02-08 18:04:57.323  INFO 34880 --- [    Test worker] .b.t.c.SpringBootTestContextBootstrapper : Loaded default TestExecutionListener class names from location [META-INF/spring.factories]: [org.springframework.boot.test.autoconfigure.restdocs.RestDocsTestExecutionListener, org.springframework.boot.test.autoconfigure.web.client.MockRestServiceServerResetTestExecutionListener, org.springframework.boot.test.autoconfigure.web.servlet.MockMvcPrintOnlyOnFailureTestExecutionListener, org.springframework.boot.test.autoconfigure.web.servlet.WebDriverTestExecutionListener, org.springframework.boot.test.mock.mockito.MockitoTestExecutionListener, org.springframework.boot.test.mock.mockito.ResetMocksTestExecutionListener, org.springframework.test.context.web.ServletTestExecutionListener, org.springframework.test.context.support.DirtiesContextBeforeModesTestExecutionListener, org.springframework.test.context.support.DependencyInjectionTestExecutionListener, org.springframework.test.context.support.DirtiesContextTestExecutionListener, org.springframework.test.context.transaction.TransactionalTestExecutionListener, org.springframework.test.context.jdbc.SqlScriptsTestExecutionListener]
2022-02-08 18:04:57.324  INFO 34880 --- [    Test worker] .b.t.c.SpringBootTestContextBootstrapper : Using TestExecutionListeners: [org.springframework.test.context.web.ServletTestExecutionListener@75d61de, org.springframework.test.context.support.DirtiesContextBeforeModesTestExecutionListener@461f9986, org.springframework.boot.test.mock.mockito.MockitoTestExecutionListener@7384bc96, org.springframework.boot.test.autoconfigure.SpringBootDependencyInjectionTestExecutionListener@2bbb21d1, org.springframework.test.context.support.DirtiesContextTestExecutionListener@4704f6e9, org.springframework.test.context.transaction.TransactionalTestExecutionListener@7ded8426, org.springframework.test.context.jdbc.SqlScriptsTestExecutionListener@2bdbe701, org.springframework.boot.test.autoconfigure.restdocs.RestDocsTestExecutionListener@591cfe02, org.springframework.boot.test.autoconfigure.web.client.MockRestServiceServerResetTestExecutionListener@39cff876, org.springframework.boot.test.autoconfigure.web.servlet.MockMvcPrintOnlyOnFailureTestExecutionListener@281287dd, org.springframework.boot.test.autoconfigure.web.servlet.WebDriverTestExecutionListener@5c058e31, org.springframework.boot.test.mock.mockito.ResetMocksTestExecutionListener@6257975d]

  .   ____          _            __ _ _
 /\\ / ___'_ __ _ _(_)_ __  __ _ \ \ \ \
( ( )\___ | '_ | '_| | '_ \/ _` | \ \ \ \
 \\/  ___)| |_)| | | | | || (_| |  ) ) ) )
  '  |____| .__|_| |_|_| |_\__, | / / / /
 =========|_|==============|___/=/_/_/_/
 :: Spring Boot ::        (v2.1.9.RELEASE)

2022-02-08 18:04:57.523  INFO 34880 --- [    Test worker] c.l.b.s.d.reading.ReadingRepositoryTest  : Starting ReadingRepositoryTest on LyvA with PID 34880 (started by jieon in C:\Users\jieon\Desktop\dong)
2022-02-08 18:04:57.523  INFO 34880 --- [    Test worker] c.l.b.s.d.reading.ReadingRepositoryTest  : The following profiles are active: google
2022-02-08 18:04:58.336  INFO 34880 --- [    Test worker] .s.d.r.c.RepositoryConfigurationDelegate : Bootstrapping Spring Data repositories in DEFAULT mode.
2022-02-08 18:04:58.439  INFO 34880 --- [    Test worker] .s.d.r.c.RepositoryConfigurationDelegate : Finished Spring Data repository scanning in 103ms. Found 3 repository interfaces.
2022-02-08 18:04:58.747  INFO 34880 --- [    Test worker] trationDelegate$BeanPostProcessorChecker : Bean 'org.springframework.transaction.annotation.ProxyTransactionManagementConfiguration' of type [org.springframework.transaction.annotation.ProxyTransactionManagementConfiguration$$EnhancerBySpringCGLIB$$a2ffd480] is not eligible for getting processed by all BeanPostProcessors (for example: not eligible for auto-proxying)
2022-02-08 18:04:59.106  INFO 34880 --- [    Test worker] o.hibernate.jpa.internal.util.LogHelper  : HHH000204: Processing PersistenceUnitInfo [
	name: default
	...]
2022-02-08 18:04:59.144  INFO 34880 --- [    Test worker] com.zaxxer.hikari.HikariDataSource       : HikariPool-2 - Starting...
2022-02-08 18:04:59.154  INFO 34880 --- [    Test worker] com.zaxxer.hikari.HikariDataSource       : HikariPool-2 - Start completed.
2022-02-08 18:04:59.155  INFO 34880 --- [    Test worker] org.hibernate.dialect.Dialect            : HHH000400: Using dialect: org.hibernate.dialect.MySQL5InnoDBDialect
2022-02-08 18:04:59.287  INFO 34880 --- [    Test worker] j.LocalContainerEntityManagerFactoryBean : Initialized JPA EntityManagerFactory for persistence unit 'default'
2022-02-08 18:04:59.817  INFO 34880 --- [    Test worker] o.h.h.i.QueryTranslatorFactoryInitiator  : HHH000397: Using ASTQueryTranslatorFactory
2022-02-08 18:05:00.465  INFO 34880 --- [    Test worker] o.s.s.web.DefaultSecurityFilterChain     : Creating filter chain: any request, [org.springframework.security.web.context.request.async.WebAsyncManagerIntegrationFilter@648cca12, org.springframework.security.web.context.SecurityContextPersistenceFilter@713c453e, org.springframework.security.web.header.HeaderWriterFilter@50435ac1, org.springframework.security.web.authentication.logout.LogoutFilter@270dd10b, org.springframework.security.oauth2.client.web.OAuth2AuthorizationRequestRedirectFilter@7346d8c1, org.springframework.security.oauth2.client.web.OAuth2LoginAuthenticationFilter@76ae6c07, org.springframework.security.web.authentication.ui.DefaultLoginPageGeneratingFilter@340b6701, org.springframework.security.web.authentication.ui.DefaultLogoutPageGeneratingFilter@321ed103, org.springframework.security.web.savedrequest.RequestCacheAwareFilter@5efa15a3, org.springframework.security.web.servletapi.SecurityContextHolderAwareRequestFilter@14a5d9ef, org.springframework.security.web.authentication.AnonymousAuthenticationFilter@77db8751, org.springframework.security.web.session.SessionManagementFilter@479ce258, org.springframework.security.web.access.ExceptionTranslationFilter@115cf9d, org.springframework.security.web.access.intercept.FilterSecurityInterceptor@249e4b53]
2022-02-08 18:05:01.423  INFO 34880 --- [    Test worker] o.s.s.concurrent.ThreadPoolTaskExecutor  : Initializing ExecutorService 'applicationTaskExecutor'
2022-02-08 18:05:01.473  WARN 34880 --- [    Test worker] aWebConfiguration$JpaWebMvcConfiguration : spring.jpa.open-in-view is enabled by default. Therefore, database queries may be performed during view rendering. Explicitly configure spring.jpa.open-in-view to disable this warning
2022-02-08 18:05:03.041  INFO 34880 --- [    Test worker] s.a.ScheduledAnnotationBeanPostProcessor : No TaskScheduler/ScheduledExecutorService bean found for scheduled processing
2022-02-08 18:05:03.043  INFO 34880 --- [    Test worker] c.l.b.s.d.reading.ReadingRepositoryTest  : Started ReadingRepositoryTest in 5.712 seconds (JVM running for 26.751)
Hibernate: insert into book (created_date, modified_date, author, book_content, book_cover, book_intro, country, published_date, publisher, title, total_page) values (?, ?, ?, ?, ?, ?, ?, ?, ?, ?, ?)
Hibernate: insert into user (created_date, modified_date, email, role) values (?, ?, ?, ?)
Hibernate: insert into user (created_date, modified_date, email, role) values (?, ?, ?, ?)
Hibernate: insert into user (created_date, modified_date, email, role) values (?, ?, ?, ?)
Hibernate: select book0_.book_key as book_key1_0_, book0_.created_date as created_2_0_, book0_.modified_date as modified3_0_, book0_.author as author4_0_, book0_.book_content as book_con5_0_, book0_.book_cover as book_cov6_0_, book0_.book_intro as book_int7_0_, book0_.country as country8_0_, book0_.published_date as publishe9_0_, book0_.publisher as publish10_0_, book0_.title as title11_0_, book0_.total_page as total_p12_0_ from book book0_
Hibernate: select reading0_.reading_key as reading_1_1_, reading0_.book_key as book_key6_1_, reading0_.book_report as book_rep2_1_, reading0_.current_page as current_3_1_, reading0_.is_written_book_report as is_writt4_1_, reading0_.score as score5_1_, reading0_.user_key as user_key7_1_ from reading reading0_
]]></system-out>
  <system-err><![CDATA[]]></system-err>
</testsuite>
