<?xml version="1.0" encoding="UTF-8"?>
<testsuite name="com.liverary.book.springboot.web.BookApiControllerTest" tests="1" skipped="0" failures="0" errors="0" timestamp="2022-02-08T09:31:04" hostname="LYVA" time="1.487">
  <properties/>
  <testcase name="Book_등록된다" classname="com.liverary.book.springboot.web.BookApiControllerTest" time="1.487"/>
  <system-out><![CDATA[18:30:45.706 [Test worker] DEBUG org.springframework.test.context.junit4.SpringJUnit4ClassRunner - SpringJUnit4ClassRunner constructor called with [class com.liverary.book.springboot.web.BookApiControllerTest]
18:30:45.732 [Test worker] DEBUG org.springframework.test.context.BootstrapUtils - Instantiating CacheAwareContextLoaderDelegate from class [org.springframework.test.context.cache.DefaultCacheAwareContextLoaderDelegate]
18:30:45.762 [Test worker] DEBUG org.springframework.test.context.BootstrapUtils - Instantiating BootstrapContext using constructor [public org.springframework.test.context.support.DefaultBootstrapContext(java.lang.Class,org.springframework.test.context.CacheAwareContextLoaderDelegate)]
18:30:45.807 [Test worker] DEBUG org.springframework.test.context.BootstrapUtils - Instantiating TestContextBootstrapper for test class [com.liverary.book.springboot.web.BookApiControllerTest] from class [org.springframework.boot.test.context.SpringBootTestContextBootstrapper]
18:30:45.849 [Test worker] INFO org.springframework.boot.test.context.SpringBootTestContextBootstrapper - Neither @ContextConfiguration nor @ContextHierarchy found for test class [com.liverary.book.springboot.web.BookApiControllerTest], using SpringBootContextLoader
18:30:45.857 [Test worker] DEBUG org.springframework.test.context.support.AbstractContextLoader - Did not detect default resource location for test class [com.liverary.book.springboot.web.BookApiControllerTest]: class path resource [com/liverary/book/springboot/web/BookApiControllerTest-context.xml] does not exist
18:30:45.861 [Test worker] DEBUG org.springframework.test.context.support.AbstractContextLoader - Did not detect default resource location for test class [com.liverary.book.springboot.web.BookApiControllerTest]: class path resource [com/liverary/book/springboot/web/BookApiControllerTestContext.groovy] does not exist
18:30:45.862 [Test worker] INFO org.springframework.test.context.support.AbstractContextLoader - Could not detect default resource locations for test class [com.liverary.book.springboot.web.BookApiControllerTest]: no resource found for suffixes {-context.xml, Context.groovy}.
18:30:45.865 [Test worker] INFO org.springframework.test.context.support.AnnotationConfigContextLoaderUtils - Could not detect default configuration classes for test class [com.liverary.book.springboot.web.BookApiControllerTest]: BookApiControllerTest does not declare any static, non-private, non-final, nested classes annotated with @Configuration.
18:30:45.982 [Test worker] DEBUG org.springframework.test.context.support.ActiveProfilesUtils - Could not find an 'annotation declaring class' for annotation type [org.springframework.test.context.ActiveProfiles] and class [com.liverary.book.springboot.web.BookApiControllerTest]
18:30:46.253 [Test worker] DEBUG org.springframework.context.annotation.ClassPathScanningCandidateComponentProvider - Identified candidate component class: file [C:\Users\jieon\Desktop\dong\build\classes\java\main\com\liverary\book\springboot\Application.class]
18:30:46.255 [Test worker] INFO org.springframework.boot.test.context.SpringBootTestContextBootstrapper - Found @SpringBootConfiguration com.liverary.book.springboot.Application for test class com.liverary.book.springboot.web.BookApiControllerTest
18:30:46.611 [Test worker] DEBUG org.springframework.boot.test.context.SpringBootTestContextBootstrapper - @TestExecutionListeners is not present for class [com.liverary.book.springboot.web.BookApiControllerTest]: using defaults.
18:30:46.613 [Test worker] INFO org.springframework.boot.test.context.SpringBootTestContextBootstrapper - Loaded default TestExecutionListener class names from location [META-INF/spring.factories]: [org.springframework.boot.test.autoconfigure.restdocs.RestDocsTestExecutionListener, org.springframework.boot.test.autoconfigure.web.client.MockRestServiceServerResetTestExecutionListener, org.springframework.boot.test.autoconfigure.web.servlet.MockMvcPrintOnlyOnFailureTestExecutionListener, org.springframework.boot.test.autoconfigure.web.servlet.WebDriverTestExecutionListener, org.springframework.boot.test.mock.mockito.MockitoTestExecutionListener, org.springframework.boot.test.mock.mockito.ResetMocksTestExecutionListener, org.springframework.test.context.web.ServletTestExecutionListener, org.springframework.test.context.support.DirtiesContextBeforeModesTestExecutionListener, org.springframework.test.context.support.DependencyInjectionTestExecutionListener, org.springframework.test.context.support.DirtiesContextTestExecutionListener, org.springframework.test.context.transaction.TransactionalTestExecutionListener, org.springframework.test.context.jdbc.SqlScriptsTestExecutionListener]
18:30:46.667 [Test worker] INFO org.springframework.boot.test.context.SpringBootTestContextBootstrapper - Using TestExecutionListeners: [org.springframework.test.context.web.ServletTestExecutionListener@52ed29da, org.springframework.test.context.support.DirtiesContextBeforeModesTestExecutionListener@717179f2, org.springframework.boot.test.mock.mockito.MockitoTestExecutionListener@51b7b6af, org.springframework.boot.test.autoconfigure.SpringBootDependencyInjectionTestExecutionListener@6a851ea4, org.springframework.test.context.support.DirtiesContextTestExecutionListener@511d59d7, org.springframework.test.context.transaction.TransactionalTestExecutionListener@2bd914ef, org.springframework.test.context.jdbc.SqlScriptsTestExecutionListener@47b7cdf5, org.springframework.boot.test.autoconfigure.restdocs.RestDocsTestExecutionListener@5059b99, org.springframework.boot.test.autoconfigure.web.client.MockRestServiceServerResetTestExecutionListener@3eeda90f, org.springframework.boot.test.autoconfigure.web.servlet.MockMvcPrintOnlyOnFailureTestExecutionListener@5df0bc51, org.springframework.boot.test.autoconfigure.web.servlet.WebDriverTestExecutionListener@24510a7f, org.springframework.boot.test.mock.mockito.ResetMocksTestExecutionListener@da1843f]
18:30:46.677 [Test worker] DEBUG org.springframework.test.annotation.ProfileValueUtils - Retrieved @ProfileValueSourceConfiguration [null] for test class [com.liverary.book.springboot.web.BookApiControllerTest]
18:30:46.678 [Test worker] DEBUG org.springframework.test.annotation.ProfileValueUtils - Retrieved ProfileValueSource type [class org.springframework.test.annotation.SystemProfileValueSource] for class [com.liverary.book.springboot.web.BookApiControllerTest]
18:30:46.680 [Test worker] DEBUG org.springframework.test.annotation.ProfileValueUtils - Retrieved @ProfileValueSourceConfiguration [null] for test class [com.liverary.book.springboot.web.BookApiControllerTest]
18:30:46.680 [Test worker] DEBUG org.springframework.test.annotation.ProfileValueUtils - Retrieved ProfileValueSource type [class org.springframework.test.annotation.SystemProfileValueSource] for class [com.liverary.book.springboot.web.BookApiControllerTest]
18:30:46.692 [Test worker] DEBUG org.springframework.test.context.support.AbstractDirtiesContextTestExecutionListener - Before test class: context [DefaultTestContext@60cfd3c0 testClass = BookApiControllerTest, testInstance = [null], testMethod = [null], testException = [null], mergedContextConfiguration = [WebMergedContextConfiguration@37c44fa8 testClass = BookApiControllerTest, locations = '{}', classes = '{class com.liverary.book.springboot.Application}', contextInitializerClasses = '[]', activeProfiles = '{}', propertySourceLocations = '{}', propertySourceProperties = '{org.springframework.boot.test.context.SpringBootTestContextBootstrapper=true, server.port=0}', contextCustomizers = set[org.springframework.boot.test.autoconfigure.properties.PropertyMappingContextCustomizer@0, org.springframework.boot.test.autoconfigure.web.servlet.WebDriverContextCustomizerFactory$Customizer@545942, org.springframework.boot.test.context.filter.ExcludeFilterContextCustomizer@324147fa, org.springframework.boot.test.json.DuplicateJsonObjectContextCustomizerFactory$DuplicateJsonObjectContextCustomizer@502781ed, org.springframework.boot.test.mock.mockito.MockitoContextCustomizer@0, org.springframework.boot.test.web.client.TestRestTemplateContextCustomizer@331f2fc6], resourceBasePath = 'src/main/webapp', contextLoader = 'org.springframework.boot.test.context.SpringBootContextLoader', parent = [null]], attributes = map['org.springframework.test.context.web.ServletTestExecutionListener.activateListener' -> false]], class annotated with @DirtiesContext [false] with mode [null].
18:30:46.695 [Test worker] DEBUG org.springframework.test.annotation.ProfileValueUtils - Retrieved @ProfileValueSourceConfiguration [null] for test class [com.liverary.book.springboot.web.BookApiControllerTest]
18:30:46.695 [Test worker] DEBUG org.springframework.test.annotation.ProfileValueUtils - Retrieved ProfileValueSource type [class org.springframework.test.annotation.SystemProfileValueSource] for class [com.liverary.book.springboot.web.BookApiControllerTest]
18:30:46.708 [Test worker] DEBUG org.springframework.test.context.support.DependencyInjectionTestExecutionListener - Performing dependency injection for test context [[DefaultTestContext@60cfd3c0 testClass = BookApiControllerTest, testInstance = com.liverary.book.springboot.web.BookApiControllerTest@b4f381e, testMethod = [null], testException = [null], mergedContextConfiguration = [WebMergedContextConfiguration@37c44fa8 testClass = BookApiControllerTest, locations = '{}', classes = '{class com.liverary.book.springboot.Application}', contextInitializerClasses = '[]', activeProfiles = '{}', propertySourceLocations = '{}', propertySourceProperties = '{org.springframework.boot.test.context.SpringBootTestContextBootstrapper=true, server.port=0}', contextCustomizers = set[org.springframework.boot.test.autoconfigure.properties.PropertyMappingContextCustomizer@0, org.springframework.boot.test.autoconfigure.web.servlet.WebDriverContextCustomizerFactory$Customizer@545942, org.springframework.boot.test.context.filter.ExcludeFilterContextCustomizer@324147fa, org.springframework.boot.test.json.DuplicateJsonObjectContextCustomizerFactory$DuplicateJsonObjectContextCustomizer@502781ed, org.springframework.boot.test.mock.mockito.MockitoContextCustomizer@0, org.springframework.boot.test.web.client.TestRestTemplateContextCustomizer@331f2fc6], resourceBasePath = 'src/main/webapp', contextLoader = 'org.springframework.boot.test.context.SpringBootContextLoader', parent = [null]], attributes = map['org.springframework.test.context.web.ServletTestExecutionListener.activateListener' -> false]]].
18:30:46.770 [Test worker] DEBUG org.springframework.test.context.support.TestPropertySourceUtils - Adding inlined properties to environment: {spring.jmx.enabled=false, org.springframework.boot.test.context.SpringBootTestContextBootstrapper=true, server.port=0}

  .   ____          _            __ _ _
 /\\ / ___'_ __ _ _(_)_ __  __ _ \ \ \ \
( ( )\___ | '_ | '_| | '_ \/ _` | \ \ \ \
 \\/  ___)| |_)| | | | | || (_| |  ) ) ) )
  '  |____| .__|_| |_|_| |_\__, | / / / /
 =========|_|==============|___/=/_/_/_/
 :: Spring Boot ::        (v2.1.9.RELEASE)

2022-02-08 18:30:47.600  INFO 13436 --- [    Test worker] c.l.b.s.web.BookApiControllerTest        : Starting BookApiControllerTest on LyvA with PID 13436 (started by jieon in C:\Users\jieon\Desktop\dong)
2022-02-08 18:30:47.603  INFO 13436 --- [    Test worker] c.l.b.s.web.BookApiControllerTest        : The following profiles are active: google
2022-02-08 18:30:50.322  INFO 13436 --- [    Test worker] .s.d.r.c.RepositoryConfigurationDelegate : Bootstrapping Spring Data repositories in DEFAULT mode.
2022-02-08 18:30:50.541  INFO 13436 --- [    Test worker] .s.d.r.c.RepositoryConfigurationDelegate : Finished Spring Data repository scanning in 197ms. Found 3 repository interfaces.
2022-02-08 18:30:51.805  INFO 13436 --- [    Test worker] trationDelegate$BeanPostProcessorChecker : Bean 'org.springframework.transaction.annotation.ProxyTransactionManagementConfiguration' of type [org.springframework.transaction.annotation.ProxyTransactionManagementConfiguration$$EnhancerBySpringCGLIB$$112c0927] is not eligible for getting processed by all BeanPostProcessors (for example: not eligible for auto-proxying)
2022-02-08 18:30:52.925  INFO 13436 --- [    Test worker] o.s.b.w.embedded.tomcat.TomcatWebServer  : Tomcat initialized with port(s): 0 (http)
2022-02-08 18:30:52.994  INFO 13436 --- [    Test worker] o.apache.catalina.core.StandardService   : Starting service [Tomcat]
2022-02-08 18:30:52.995  INFO 13436 --- [    Test worker] org.apache.catalina.core.StandardEngine  : Starting Servlet engine: [Apache Tomcat/9.0.26]
2022-02-08 18:30:53.537  INFO 13436 --- [    Test worker] o.a.c.c.C.[Tomcat].[localhost].[/]       : Initializing Spring embedded WebApplicationContext
2022-02-08 18:30:53.537  INFO 13436 --- [    Test worker] o.s.web.context.ContextLoader            : Root WebApplicationContext: initialization completed in 5883 ms
2022-02-08 18:30:54.666  INFO 13436 --- [    Test worker] o.hibernate.jpa.internal.util.LogHelper  : HHH000204: Processing PersistenceUnitInfo [
	name: default
	...]
2022-02-08 18:30:54.873  INFO 13436 --- [    Test worker] org.hibernate.Version                    : HHH000412: Hibernate Core {5.3.12.Final}
2022-02-08 18:30:54.880  INFO 13436 --- [    Test worker] org.hibernate.cfg.Environment            : HHH000206: hibernate.properties not found
2022-02-08 18:30:55.374  INFO 13436 --- [    Test worker] o.hibernate.annotations.common.Version   : HCANN000001: Hibernate Commons Annotations {5.0.4.Final}
2022-02-08 18:30:55.825  INFO 13436 --- [    Test worker] com.zaxxer.hikari.HikariDataSource       : HikariPool-1 - Starting...
2022-02-08 18:30:56.157  INFO 13436 --- [    Test worker] com.zaxxer.hikari.HikariDataSource       : HikariPool-1 - Start completed.
2022-02-08 18:30:56.191  INFO 13436 --- [    Test worker] org.hibernate.dialect.Dialect            : HHH000400: Using dialect: org.hibernate.dialect.MySQL5InnoDBDialect
2022-02-08 18:30:58.238  INFO 13436 --- [    Test worker] j.LocalContainerEntityManagerFactoryBean : Initialized JPA EntityManagerFactory for persistence unit 'default'
2022-02-08 18:31:00.762  INFO 13436 --- [    Test worker] o.h.h.i.QueryTranslatorFactoryInitiator  : HHH000397: Using ASTQueryTranslatorFactory
2022-02-08 18:31:01.967  INFO 13436 --- [    Test worker] o.s.s.web.DefaultSecurityFilterChain     : Creating filter chain: any request, [org.springframework.security.web.context.request.async.WebAsyncManagerIntegrationFilter@2b8837fb, org.springframework.security.web.context.SecurityContextPersistenceFilter@45d4e74e, org.springframework.security.web.header.HeaderWriterFilter@6e3f10df, org.springframework.security.web.authentication.logout.LogoutFilter@2ad53ddf, org.springframework.security.oauth2.client.web.OAuth2AuthorizationRequestRedirectFilter@20fc3dec, org.springframework.security.oauth2.client.web.OAuth2LoginAuthenticationFilter@4576410d, org.springframework.security.web.authentication.ui.DefaultLoginPageGeneratingFilter@71138375, org.springframework.security.web.authentication.ui.DefaultLogoutPageGeneratingFilter@20bdd296, org.springframework.security.web.savedrequest.RequestCacheAwareFilter@3a181aaf, org.springframework.security.web.servletapi.SecurityContextHolderAwareRequestFilter@63cf1fe7, org.springframework.security.web.authentication.AnonymousAuthenticationFilter@15be12ad, org.springframework.security.web.session.SessionManagementFilter@f7f9b8f, org.springframework.security.web.access.ExceptionTranslationFilter@3a18d6fa, org.springframework.security.web.access.intercept.FilterSecurityInterceptor@14a40288]
2022-02-08 18:31:02.862  INFO 13436 --- [    Test worker] o.s.s.concurrent.ThreadPoolTaskExecutor  : Initializing ExecutorService 'applicationTaskExecutor'
2022-02-08 18:31:02.991  WARN 13436 --- [    Test worker] aWebConfiguration$JpaWebMvcConfiguration : spring.jpa.open-in-view is enabled by default. Therefore, database queries may be performed during view rendering. Explicitly configure spring.jpa.open-in-view to disable this warning
2022-02-08 18:31:04.735  INFO 13436 --- [    Test worker] s.a.ScheduledAnnotationBeanPostProcessor : No TaskScheduler/ScheduledExecutorService bean found for scheduled processing
2022-02-08 18:31:04.810  INFO 13436 --- [    Test worker] o.s.b.w.embedded.tomcat.TomcatWebServer  : Tomcat started on port(s): 11682 (http) with context path ''
2022-02-08 18:31:04.815  INFO 13436 --- [    Test worker] c.l.b.s.web.BookApiControllerTest        : Started BookApiControllerTest in 18.036 seconds (JVM running for 21.111)
2022-02-08 18:31:05.570  INFO 13436 --- [o-auto-1-exec-1] o.a.c.c.C.[Tomcat].[localhost].[/]       : Initializing Spring DispatcherServlet 'dispatcherServlet'
2022-02-08 18:31:05.571  INFO 13436 --- [o-auto-1-exec-1] o.s.web.servlet.DispatcherServlet        : Initializing Servlet 'dispatcherServlet'
2022-02-08 18:31:05.629  INFO 13436 --- [o-auto-1-exec-1] o.s.web.servlet.DispatcherServlet        : Completed initialization in 57 ms
Hibernate: insert into book (created_date, modified_date, author, book_content, book_cover, book_intro, country, published_date, publisher, title, total_page) values (?, ?, ?, ?, ?, ?, ?, ?, ?, ?, ?)
]]></system-out>
  <system-err><![CDATA[]]></system-err>
</testsuite>
