<?xml version="1.0" encoding="UTF-8"?>
<testsuite name="com.liverary.book.springboot.web.BookApiControllerTest" tests="1" skipped="0" failures="1" errors="0" timestamp="2022-01-24T08:19:51" hostname="LYVA" time="1.37">
  <properties/>
  <testcase name="Book_등록된다" classname="com.liverary.book.springboot.web.BookApiControllerTest" time="1.37">
    <failure message="org.junit.ComparisonFailure: expected:&lt;[200 OK]&gt; but was:&lt;[302 FOUND]&gt;" type="org.junit.ComparisonFailure">org.junit.ComparisonFailure: expected:&lt;[200 OK]&gt; but was:&lt;[302 FOUND]&gt;
	at java.base/jdk.internal.reflect.NativeConstructorAccessorImpl.newInstance0(Native Method)
	at java.base/jdk.internal.reflect.NativeConstructorAccessorImpl.newInstance(NativeConstructorAccessorImpl.java:62)
	at java.base/jdk.internal.reflect.DelegatingConstructorAccessorImpl.newInstance(DelegatingConstructorAccessorImpl.java:45)
	at java.base/java.lang.reflect.Constructor.newInstanceWithCaller(Constructor.java:500)
	at com.liverary.book.springboot.web.BookApiControllerTest.Book_등록된다(BookApiControllerTest.java:71)
	at java.base/jdk.internal.reflect.NativeMethodAccessorImpl.invoke0(Native Method)
	at java.base/jdk.internal.reflect.NativeMethodAccessorImpl.invoke(NativeMethodAccessorImpl.java:62)
	at java.base/jdk.internal.reflect.DelegatingMethodAccessorImpl.invoke(DelegatingMethodAccessorImpl.java:43)
	at java.base/java.lang.reflect.Method.invoke(Method.java:564)
	at org.junit.runners.model.FrameworkMethod$1.runReflectiveCall(FrameworkMethod.java:50)
	at org.junit.internal.runners.model.ReflectiveCallable.run(ReflectiveCallable.java:12)
	at org.junit.runners.model.FrameworkMethod.invokeExplosively(FrameworkMethod.java:47)
	at org.junit.internal.runners.statements.InvokeMethod.evaluate(InvokeMethod.java:17)
	at org.springframework.test.context.junit4.statements.RunBeforeTestExecutionCallbacks.evaluate(RunBeforeTestExecutionCallbacks.java:74)
	at org.springframework.test.context.junit4.statements.RunAfterTestExecutionCallbacks.evaluate(RunAfterTestExecutionCallbacks.java:84)
	at org.springframework.test.context.junit4.statements.RunBeforeTestMethodCallbacks.evaluate(RunBeforeTestMethodCallbacks.java:75)
	at org.junit.internal.runners.statements.RunAfters.evaluate(RunAfters.java:27)
	at org.springframework.test.context.junit4.statements.RunAfterTestMethodCallbacks.evaluate(RunAfterTestMethodCallbacks.java:86)
	at org.springframework.test.context.junit4.statements.SpringRepeat.evaluate(SpringRepeat.java:84)
	at org.junit.runners.ParentRunner.runLeaf(ParentRunner.java:325)
	at org.springframework.test.context.junit4.SpringJUnit4ClassRunner.runChild(SpringJUnit4ClassRunner.java:251)
	at org.springframework.test.context.junit4.SpringJUnit4ClassRunner.runChild(SpringJUnit4ClassRunner.java:97)
	at org.junit.runners.ParentRunner$3.run(ParentRunner.java:290)
	at org.junit.runners.ParentRunner$1.schedule(ParentRunner.java:71)
	at org.junit.runners.ParentRunner.runChildren(ParentRunner.java:288)
	at org.junit.runners.ParentRunner.access$000(ParentRunner.java:58)
	at org.junit.runners.ParentRunner$2.evaluate(ParentRunner.java:268)
	at org.springframework.test.context.junit4.statements.RunBeforeTestClassCallbacks.evaluate(RunBeforeTestClassCallbacks.java:61)
	at org.springframework.test.context.junit4.statements.RunAfterTestClassCallbacks.evaluate(RunAfterTestClassCallbacks.java:70)
	at org.junit.runners.ParentRunner.run(ParentRunner.java:363)
	at org.springframework.test.context.junit4.SpringJUnit4ClassRunner.run(SpringJUnit4ClassRunner.java:190)
	at org.gradle.api.internal.tasks.testing.junit.JUnitTestClassExecutor.runTestClass(JUnitTestClassExecutor.java:110)
	at org.gradle.api.internal.tasks.testing.junit.JUnitTestClassExecutor.execute(JUnitTestClassExecutor.java:58)
	at org.gradle.api.internal.tasks.testing.junit.JUnitTestClassExecutor.execute(JUnitTestClassExecutor.java:38)
	at org.gradle.api.internal.tasks.testing.junit.AbstractJUnitTestClassProcessor.processTestClass(AbstractJUnitTestClassProcessor.java:62)
	at org.gradle.api.internal.tasks.testing.SuiteTestClassProcessor.processTestClass(SuiteTestClassProcessor.java:51)
	at java.base/jdk.internal.reflect.NativeMethodAccessorImpl.invoke0(Native Method)
	at java.base/jdk.internal.reflect.NativeMethodAccessorImpl.invoke(NativeMethodAccessorImpl.java:62)
	at java.base/jdk.internal.reflect.DelegatingMethodAccessorImpl.invoke(DelegatingMethodAccessorImpl.java:43)
	at java.base/java.lang.reflect.Method.invoke(Method.java:564)
	at org.gradle.internal.dispatch.ReflectionDispatch.dispatch(ReflectionDispatch.java:36)
	at org.gradle.internal.dispatch.ReflectionDispatch.dispatch(ReflectionDispatch.java:24)
	at org.gradle.internal.dispatch.ContextClassLoaderDispatch.dispatch(ContextClassLoaderDispatch.java:33)
	at org.gradle.internal.dispatch.ProxyDispatchAdapter$DispatchingInvocationHandler.invoke(ProxyDispatchAdapter.java:94)
	at com.sun.proxy.$Proxy2.processTestClass(Unknown Source)
	at org.gradle.api.internal.tasks.testing.worker.TestWorker.processTestClass(TestWorker.java:118)
	at java.base/jdk.internal.reflect.NativeMethodAccessorImpl.invoke0(Native Method)
	at java.base/jdk.internal.reflect.NativeMethodAccessorImpl.invoke(NativeMethodAccessorImpl.java:62)
	at java.base/jdk.internal.reflect.DelegatingMethodAccessorImpl.invoke(DelegatingMethodAccessorImpl.java:43)
	at java.base/java.lang.reflect.Method.invoke(Method.java:564)
	at org.gradle.internal.dispatch.ReflectionDispatch.dispatch(ReflectionDispatch.java:36)
	at org.gradle.internal.dispatch.ReflectionDispatch.dispatch(ReflectionDispatch.java:24)
	at org.gradle.internal.remote.internal.hub.MessageHubBackedObjectConnection$DispatchWrapper.dispatch(MessageHubBackedObjectConnection.java:182)
	at org.gradle.internal.remote.internal.hub.MessageHubBackedObjectConnection$DispatchWrapper.dispatch(MessageHubBackedObjectConnection.java:164)
	at org.gradle.internal.remote.internal.hub.MessageHub$Handler.run(MessageHub.java:412)
	at org.gradle.internal.concurrent.ExecutorPolicy$CatchAndRecordFailures.onExecute(ExecutorPolicy.java:64)
	at org.gradle.internal.concurrent.ManagedExecutorImpl$1.run(ManagedExecutorImpl.java:48)
	at java.base/java.util.concurrent.ThreadPoolExecutor.runWorker(ThreadPoolExecutor.java:1130)
	at java.base/java.util.concurrent.ThreadPoolExecutor$Worker.run(ThreadPoolExecutor.java:630)
	at org.gradle.internal.concurrent.ThreadFactoryImpl$ManagedThreadRunnable.run(ThreadFactoryImpl.java:56)
	at java.base/java.lang.Thread.run(Thread.java:832)
</failure>
  </testcase>
  <system-out><![CDATA[17:19:33.451 [Test worker] DEBUG org.springframework.test.context.junit4.SpringJUnit4ClassRunner - SpringJUnit4ClassRunner constructor called with [class com.liverary.book.springboot.web.BookApiControllerTest]
17:19:33.470 [Test worker] DEBUG org.springframework.test.context.BootstrapUtils - Instantiating CacheAwareContextLoaderDelegate from class [org.springframework.test.context.cache.DefaultCacheAwareContextLoaderDelegate]
17:19:33.498 [Test worker] DEBUG org.springframework.test.context.BootstrapUtils - Instantiating BootstrapContext using constructor [public org.springframework.test.context.support.DefaultBootstrapContext(java.lang.Class,org.springframework.test.context.CacheAwareContextLoaderDelegate)]
17:19:33.536 [Test worker] DEBUG org.springframework.test.context.BootstrapUtils - Instantiating TestContextBootstrapper for test class [com.liverary.book.springboot.web.BookApiControllerTest] from class [org.springframework.boot.test.context.SpringBootTestContextBootstrapper]
17:19:33.566 [Test worker] INFO org.springframework.boot.test.context.SpringBootTestContextBootstrapper - Neither @ContextConfiguration nor @ContextHierarchy found for test class [com.liverary.book.springboot.web.BookApiControllerTest], using SpringBootContextLoader
17:19:33.666 [Test worker] DEBUG org.springframework.test.context.support.AbstractContextLoader - Did not detect default resource location for test class [com.liverary.book.springboot.web.BookApiControllerTest]: class path resource [com/liverary/book/springboot/web/BookApiControllerTest-context.xml] does not exist
17:19:33.668 [Test worker] DEBUG org.springframework.test.context.support.AbstractContextLoader - Did not detect default resource location for test class [com.liverary.book.springboot.web.BookApiControllerTest]: class path resource [com/liverary/book/springboot/web/BookApiControllerTestContext.groovy] does not exist
17:19:33.669 [Test worker] INFO org.springframework.test.context.support.AbstractContextLoader - Could not detect default resource locations for test class [com.liverary.book.springboot.web.BookApiControllerTest]: no resource found for suffixes {-context.xml, Context.groovy}.
17:19:33.670 [Test worker] INFO org.springframework.test.context.support.AnnotationConfigContextLoaderUtils - Could not detect default configuration classes for test class [com.liverary.book.springboot.web.BookApiControllerTest]: BookApiControllerTest does not declare any static, non-private, non-final, nested classes annotated with @Configuration.
17:19:33.773 [Test worker] DEBUG org.springframework.test.context.support.ActiveProfilesUtils - Could not find an 'annotation declaring class' for annotation type [org.springframework.test.context.ActiveProfiles] and class [com.liverary.book.springboot.web.BookApiControllerTest]
17:19:34.010 [Test worker] DEBUG org.springframework.context.annotation.ClassPathScanningCandidateComponentProvider - Identified candidate component class: file [C:\Users\jieon\Desktop\dong\build\classes\java\main\com\liverary\book\springboot\Application.class]
17:19:34.012 [Test worker] INFO org.springframework.boot.test.context.SpringBootTestContextBootstrapper - Found @SpringBootConfiguration com.liverary.book.springboot.Application for test class com.liverary.book.springboot.web.BookApiControllerTest
17:19:34.276 [Test worker] DEBUG org.springframework.boot.test.context.SpringBootTestContextBootstrapper - @TestExecutionListeners is not present for class [com.liverary.book.springboot.web.BookApiControllerTest]: using defaults.
17:19:34.278 [Test worker] INFO org.springframework.boot.test.context.SpringBootTestContextBootstrapper - Loaded default TestExecutionListener class names from location [META-INF/spring.factories]: [org.springframework.boot.test.autoconfigure.restdocs.RestDocsTestExecutionListener, org.springframework.boot.test.autoconfigure.web.client.MockRestServiceServerResetTestExecutionListener, org.springframework.boot.test.autoconfigure.web.servlet.MockMvcPrintOnlyOnFailureTestExecutionListener, org.springframework.boot.test.autoconfigure.web.servlet.WebDriverTestExecutionListener, org.springframework.boot.test.mock.mockito.MockitoTestExecutionListener, org.springframework.boot.test.mock.mockito.ResetMocksTestExecutionListener, org.springframework.test.context.web.ServletTestExecutionListener, org.springframework.test.context.support.DirtiesContextBeforeModesTestExecutionListener, org.springframework.test.context.support.DependencyInjectionTestExecutionListener, org.springframework.test.context.support.DirtiesContextTestExecutionListener, org.springframework.test.context.transaction.TransactionalTestExecutionListener, org.springframework.test.context.jdbc.SqlScriptsTestExecutionListener]
17:19:34.333 [Test worker] INFO org.springframework.boot.test.context.SpringBootTestContextBootstrapper - Using TestExecutionListeners: [org.springframework.test.context.web.ServletTestExecutionListener@385367e6, org.springframework.test.context.support.DirtiesContextBeforeModesTestExecutionListener@52f0ce89, org.springframework.boot.test.mock.mockito.MockitoTestExecutionListener@1dd6f090, org.springframework.boot.test.autoconfigure.SpringBootDependencyInjectionTestExecutionListener@15462e8, org.springframework.test.context.support.DirtiesContextTestExecutionListener@221b4973, org.springframework.test.context.transaction.TransactionalTestExecutionListener@764b5f3f, org.springframework.test.context.jdbc.SqlScriptsTestExecutionListener@5c337316, org.springframework.boot.test.autoconfigure.restdocs.RestDocsTestExecutionListener@7e52195a, org.springframework.boot.test.autoconfigure.web.client.MockRestServiceServerResetTestExecutionListener@67a9732, org.springframework.boot.test.autoconfigure.web.servlet.MockMvcPrintOnlyOnFailureTestExecutionListener@2ae48265, org.springframework.boot.test.autoconfigure.web.servlet.WebDriverTestExecutionListener@6d88efec, org.springframework.boot.test.mock.mockito.ResetMocksTestExecutionListener@3fea3ce]
17:19:34.345 [Test worker] DEBUG org.springframework.test.annotation.ProfileValueUtils - Retrieved @ProfileValueSourceConfiguration [null] for test class [com.liverary.book.springboot.web.BookApiControllerTest]
17:19:34.347 [Test worker] DEBUG org.springframework.test.annotation.ProfileValueUtils - Retrieved ProfileValueSource type [class org.springframework.test.annotation.SystemProfileValueSource] for class [com.liverary.book.springboot.web.BookApiControllerTest]
17:19:34.360 [Test worker] DEBUG org.springframework.test.annotation.ProfileValueUtils - Retrieved @ProfileValueSourceConfiguration [null] for test class [com.liverary.book.springboot.web.BookApiControllerTest]
17:19:34.361 [Test worker] DEBUG org.springframework.test.annotation.ProfileValueUtils - Retrieved ProfileValueSource type [class org.springframework.test.annotation.SystemProfileValueSource] for class [com.liverary.book.springboot.web.BookApiControllerTest]
17:19:34.363 [Test worker] DEBUG org.springframework.test.annotation.ProfileValueUtils - Retrieved @ProfileValueSourceConfiguration [null] for test class [com.liverary.book.springboot.web.BookApiControllerTest]
17:19:34.363 [Test worker] DEBUG org.springframework.test.annotation.ProfileValueUtils - Retrieved ProfileValueSource type [class org.springframework.test.annotation.SystemProfileValueSource] for class [com.liverary.book.springboot.web.BookApiControllerTest]
17:19:34.379 [Test worker] DEBUG org.springframework.test.context.support.AbstractDirtiesContextTestExecutionListener - Before test class: context [DefaultTestContext@99c8a8c testClass = BookApiControllerTest, testInstance = [null], testMethod = [null], testException = [null], mergedContextConfiguration = [WebMergedContextConfiguration@395c3414 testClass = BookApiControllerTest, locations = '{}', classes = '{class com.liverary.book.springboot.Application}', contextInitializerClasses = '[]', activeProfiles = '{}', propertySourceLocations = '{}', propertySourceProperties = '{org.springframework.boot.test.context.SpringBootTestContextBootstrapper=true, server.port=0}', contextCustomizers = set[org.springframework.boot.test.autoconfigure.properties.PropertyMappingContextCustomizer@0, org.springframework.boot.test.autoconfigure.web.servlet.WebDriverContextCustomizerFactory$Customizer@837a977, org.springframework.boot.test.context.filter.ExcludeFilterContextCustomizer@34e29679, org.springframework.boot.test.json.DuplicateJsonObjectContextCustomizerFactory$DuplicateJsonObjectContextCustomizer@73d36833, org.springframework.boot.test.mock.mockito.MockitoContextCustomizer@0, org.springframework.boot.test.web.client.TestRestTemplateContextCustomizer@4d59343b], resourceBasePath = 'src/main/webapp', contextLoader = 'org.springframework.boot.test.context.SpringBootContextLoader', parent = [null]], attributes = map['org.springframework.test.context.web.ServletTestExecutionListener.activateListener' -> false]], class annotated with @DirtiesContext [false] with mode [null].
17:19:34.381 [Test worker] DEBUG org.springframework.test.annotation.ProfileValueUtils - Retrieved @ProfileValueSourceConfiguration [null] for test class [com.liverary.book.springboot.web.BookApiControllerTest]
17:19:34.381 [Test worker] DEBUG org.springframework.test.annotation.ProfileValueUtils - Retrieved ProfileValueSource type [class org.springframework.test.annotation.SystemProfileValueSource] for class [com.liverary.book.springboot.web.BookApiControllerTest]
17:19:34.395 [Test worker] DEBUG org.springframework.test.context.support.DependencyInjectionTestExecutionListener - Performing dependency injection for test context [[DefaultTestContext@99c8a8c testClass = BookApiControllerTest, testInstance = com.liverary.book.springboot.web.BookApiControllerTest@e3164e8, testMethod = [null], testException = [null], mergedContextConfiguration = [WebMergedContextConfiguration@395c3414 testClass = BookApiControllerTest, locations = '{}', classes = '{class com.liverary.book.springboot.Application}', contextInitializerClasses = '[]', activeProfiles = '{}', propertySourceLocations = '{}', propertySourceProperties = '{org.springframework.boot.test.context.SpringBootTestContextBootstrapper=true, server.port=0}', contextCustomizers = set[org.springframework.boot.test.autoconfigure.properties.PropertyMappingContextCustomizer@0, org.springframework.boot.test.autoconfigure.web.servlet.WebDriverContextCustomizerFactory$Customizer@837a977, org.springframework.boot.test.context.filter.ExcludeFilterContextCustomizer@34e29679, org.springframework.boot.test.json.DuplicateJsonObjectContextCustomizerFactory$DuplicateJsonObjectContextCustomizer@73d36833, org.springframework.boot.test.mock.mockito.MockitoContextCustomizer@0, org.springframework.boot.test.web.client.TestRestTemplateContextCustomizer@4d59343b], resourceBasePath = 'src/main/webapp', contextLoader = 'org.springframework.boot.test.context.SpringBootContextLoader', parent = [null]], attributes = map['org.springframework.test.context.web.ServletTestExecutionListener.activateListener' -> false]]].
17:19:34.460 [Test worker] DEBUG org.springframework.test.context.support.TestPropertySourceUtils - Adding inlined properties to environment: {spring.jmx.enabled=false, org.springframework.boot.test.context.SpringBootTestContextBootstrapper=true, server.port=0}

  .   ____          _            __ _ _
 /\\ / ___'_ __ _ _(_)_ __  __ _ \ \ \ \
( ( )\___ | '_ | '_| | '_ \/ _` | \ \ \ \
 \\/  ___)| |_)| | | | | || (_| |  ) ) ) )
  '  |____| .__|_| |_|_| |_\__, | / / / /
 =========|_|==============|___/=/_/_/_/
 :: Spring Boot ::        (v2.1.9.RELEASE)

2022-01-24 17:19:35.177  INFO 4832 --- [    Test worker] c.l.b.s.web.BookApiControllerTest        : Starting BookApiControllerTest on LyvA with PID 4832 (started by jieon in C:\Users\jieon\Desktop\dong)
2022-01-24 17:19:35.178  INFO 4832 --- [    Test worker] c.l.b.s.web.BookApiControllerTest        : The following profiles are active: google
2022-01-24 17:19:37.084  INFO 4832 --- [    Test worker] .s.d.r.c.RepositoryConfigurationDelegate : Bootstrapping Spring Data repositories in DEFAULT mode.
2022-01-24 17:19:37.313  INFO 4832 --- [    Test worker] .s.d.r.c.RepositoryConfigurationDelegate : Finished Spring Data repository scanning in 209ms. Found 3 repository interfaces.
2022-01-24 17:19:38.473  INFO 4832 --- [    Test worker] trationDelegate$BeanPostProcessorChecker : Bean 'org.springframework.transaction.annotation.ProxyTransactionManagementConfiguration' of type [org.springframework.transaction.annotation.ProxyTransactionManagementConfiguration$$EnhancerBySpringCGLIB$$69ac3d40] is not eligible for getting processed by all BeanPostProcessors (for example: not eligible for auto-proxying)
2022-01-24 17:19:39.571  INFO 4832 --- [    Test worker] o.s.b.w.embedded.tomcat.TomcatWebServer  : Tomcat initialized with port(s): 0 (http)
2022-01-24 17:19:39.647  INFO 4832 --- [    Test worker] o.apache.catalina.core.StandardService   : Starting service [Tomcat]
2022-01-24 17:19:39.647  INFO 4832 --- [    Test worker] org.apache.catalina.core.StandardEngine  : Starting Servlet engine: [Apache Tomcat/9.0.26]
2022-01-24 17:19:40.186  INFO 4832 --- [    Test worker] o.a.c.c.C.[Tomcat].[localhost].[/]       : Initializing Spring embedded WebApplicationContext
2022-01-24 17:19:40.186  INFO 4832 --- [    Test worker] o.s.web.context.ContextLoader            : Root WebApplicationContext: initialization completed in 4969 ms
2022-01-24 17:19:41.116  INFO 4832 --- [    Test worker] o.hibernate.jpa.internal.util.LogHelper  : HHH000204: Processing PersistenceUnitInfo [
	name: default
	...]
2022-01-24 17:19:41.304  INFO 4832 --- [    Test worker] org.hibernate.Version                    : HHH000412: Hibernate Core {5.3.12.Final}
2022-01-24 17:19:41.310  INFO 4832 --- [    Test worker] org.hibernate.cfg.Environment            : HHH000206: hibernate.properties not found
2022-01-24 17:19:41.693  INFO 4832 --- [    Test worker] o.hibernate.annotations.common.Version   : HCANN000001: Hibernate Commons Annotations {5.0.4.Final}
2022-01-24 17:19:42.136  INFO 4832 --- [    Test worker] com.zaxxer.hikari.HikariDataSource       : HikariPool-1 - Starting...
2022-01-24 17:19:42.548  INFO 4832 --- [    Test worker] com.zaxxer.hikari.HikariDataSource       : HikariPool-1 - Start completed.
2022-01-24 17:19:42.574  INFO 4832 --- [    Test worker] org.hibernate.dialect.Dialect            : HHH000400: Using dialect: org.hibernate.dialect.MySQL5InnoDBDialect
Hibernate: alter table reading drop foreign key FKrfxatjjy0cq4evwbly5gj89u8
Hibernate: alter table reading drop foreign key FKkj9r4htvigtimsgqakcfyt88c
Hibernate: drop table if exists book
Hibernate: drop table if exists reading
Hibernate: drop table if exists user
Hibernate: create table book (book_key bigint not null auto_increment, created_date datetime, modified_date datetime, author varchar(500) not null, book_content TEXT not null, book_cover varchar(500) not null, book_intro varchar(500) not null, country varchar(255), published_date date not null, publisher varchar(500) not null, title varchar(500) not null, total_page integer not null, primary key (book_key)) engine=InnoDB
Hibernate: create table reading (reading_key bigint not null auto_increment, book_report varchar(100), current_page integer not null, is_written_book_report integer not null, score integer not null, book_key bigint, user_key bigint, primary key (reading_key)) engine=InnoDB
Hibernate: create table user (user_key bigint not null auto_increment, created_date datetime, modified_date datetime, email varchar(500) not null, role varchar(255), primary key (user_key)) engine=InnoDB
Hibernate: alter table reading add constraint UKs1ptw5ut3uft28ayu7q50knk2 unique (book_key, user_key)
Hibernate: alter table reading add constraint FKrfxatjjy0cq4evwbly5gj89u8 foreign key (book_key) references book (book_key)
Hibernate: alter table reading add constraint FKkj9r4htvigtimsgqakcfyt88c foreign key (user_key) references user (user_key)
2022-01-24 17:19:45.735  INFO 4832 --- [    Test worker] o.h.t.schema.internal.SchemaCreatorImpl  : HHH000476: Executing import script 'org.hibernate.tool.schema.internal.exec.ScriptSourceInputNonExistentImpl@3951e9ce'
2022-01-24 17:19:45.747  INFO 4832 --- [    Test worker] j.LocalContainerEntityManagerFactoryBean : Initialized JPA EntityManagerFactory for persistence unit 'default'
2022-01-24 17:19:47.463  INFO 4832 --- [    Test worker] o.h.h.i.QueryTranslatorFactoryInitiator  : HHH000397: Using ASTQueryTranslatorFactory
2022-01-24 17:19:48.720  INFO 4832 --- [    Test worker] o.s.s.web.DefaultSecurityFilterChain     : Creating filter chain: any request, [org.springframework.security.web.context.request.async.WebAsyncManagerIntegrationFilter@2c490205, org.springframework.security.web.context.SecurityContextPersistenceFilter@6bb10f6, org.springframework.security.web.header.HeaderWriterFilter@d7da570, org.springframework.security.web.authentication.logout.LogoutFilter@5dedcf40, org.springframework.security.oauth2.client.web.OAuth2AuthorizationRequestRedirectFilter@2b69c638, org.springframework.security.oauth2.client.web.OAuth2LoginAuthenticationFilter@49b56493, org.springframework.security.web.authentication.ui.DefaultLoginPageGeneratingFilter@43411933, org.springframework.security.web.authentication.ui.DefaultLogoutPageGeneratingFilter@2c3ad254, org.springframework.security.web.savedrequest.RequestCacheAwareFilter@22a2140, org.springframework.security.web.servletapi.SecurityContextHolderAwareRequestFilter@7b4e74da, org.springframework.security.web.authentication.AnonymousAuthenticationFilter@71af90ed, org.springframework.security.web.session.SessionManagementFilter@4a38400b, org.springframework.security.web.access.ExceptionTranslationFilter@7cdbfa8c, org.springframework.security.web.access.intercept.FilterSecurityInterceptor@360c24b]
2022-01-24 17:19:49.524  INFO 4832 --- [    Test worker] o.s.s.concurrent.ThreadPoolTaskExecutor  : Initializing ExecutorService 'applicationTaskExecutor'
2022-01-24 17:19:49.681  WARN 4832 --- [    Test worker] aWebConfiguration$JpaWebMvcConfiguration : spring.jpa.open-in-view is enabled by default. Therefore, database queries may be performed during view rendering. Explicitly configure spring.jpa.open-in-view to disable this warning
2022-01-24 17:19:49.834  INFO 4832 --- [    Test worker] o.s.b.a.w.s.WelcomePageHandlerMapping    : Adding welcome page template: index
2022-01-24 17:19:51.416  INFO 4832 --- [    Test worker] s.a.ScheduledAnnotationBeanPostProcessor : No TaskScheduler/ScheduledExecutorService bean found for scheduled processing
2022-01-24 17:19:51.504  INFO 4832 --- [    Test worker] o.s.b.w.embedded.tomcat.TomcatWebServer  : Tomcat started on port(s): 11330 (http) with context path ''
2022-01-24 17:19:51.508  INFO 4832 --- [    Test worker] c.l.b.s.web.BookApiControllerTest        : Started BookApiControllerTest in 17.044 seconds (JVM running for 19.736)
2022-01-24 17:19:52.375  INFO 4832 --- [o-auto-1-exec-1] o.a.c.c.C.[Tomcat].[localhost].[/]       : Initializing Spring DispatcherServlet 'dispatcherServlet'
2022-01-24 17:19:52.376  INFO 4832 --- [o-auto-1-exec-1] o.s.web.servlet.DispatcherServlet        : Initializing Servlet 'dispatcherServlet'
2022-01-24 17:19:52.461  INFO 4832 --- [o-auto-1-exec-1] o.s.web.servlet.DispatcherServlet        : Completed initialization in 85 ms
Hibernate: select book0_.book_key as book_key1_0_, book0_.created_date as created_2_0_, book0_.modified_date as modified3_0_, book0_.author as author4_0_, book0_.book_content as book_con5_0_, book0_.book_cover as book_cov6_0_, book0_.book_intro as book_int7_0_, book0_.country as country8_0_, book0_.published_date as publishe9_0_, book0_.publisher as publish10_0_, book0_.title as title11_0_, book0_.total_page as total_p12_0_ from book book0_
]]></system-out>
  <system-err><![CDATA[]]></system-err>
</testsuite>
