<?xml version="1.0" encoding="UTF-8"?>
<testsuite name="com.liverary.book.springboot.domain.reading.ReadingRepositoryTest" tests="1" skipped="0" failures="0" errors="0" timestamp="2022-02-08T09:31:11" hostname="LYVA" time="0.028">
  <properties/>
  <testcase name="Book_등록된다" classname="com.liverary.book.springboot.domain.reading.ReadingRepositoryTest" time="0.028"/>
  <system-out><![CDATA[2022-02-08 18:31:11.137  INFO 13436 --- [    Test worker] .b.t.c.SpringBootTestContextBootstrapper : Neither @ContextConfiguration nor @ContextHierarchy found for test class [com.liverary.book.springboot.domain.reading.ReadingRepositoryTest], using SpringBootContextLoader
2022-02-08 18:31:11.139  INFO 13436 --- [    Test worker] o.s.t.c.support.AbstractContextLoader    : Could not detect default resource locations for test class [com.liverary.book.springboot.domain.reading.ReadingRepositoryTest]: no resource found for suffixes {-context.xml, Context.groovy}.
2022-02-08 18:31:11.139  INFO 13436 --- [    Test worker] t.c.s.AnnotationConfigContextLoaderUtils : Could not detect default configuration classes for test class [com.liverary.book.springboot.domain.reading.ReadingRepositoryTest]: ReadingRepositoryTest does not declare any static, non-private, non-final, nested classes annotated with @Configuration.
2022-02-08 18:31:11.155  INFO 13436 --- [    Test worker] .b.t.c.SpringBootTestContextBootstrapper : Found @SpringBootConfiguration com.liverary.book.springboot.Application for test class com.liverary.book.springboot.domain.reading.ReadingRepositoryTest
2022-02-08 18:31:11.160  INFO 13436 --- [    Test worker] .b.t.c.SpringBootTestContextBootstrapper : Loaded default TestExecutionListener class names from location [META-INF/spring.factories]: [org.springframework.boot.test.autoconfigure.restdocs.RestDocsTestExecutionListener, org.springframework.boot.test.autoconfigure.web.client.MockRestServiceServerResetTestExecutionListener, org.springframework.boot.test.autoconfigure.web.servlet.MockMvcPrintOnlyOnFailureTestExecutionListener, org.springframework.boot.test.autoconfigure.web.servlet.WebDriverTestExecutionListener, org.springframework.boot.test.mock.mockito.MockitoTestExecutionListener, org.springframework.boot.test.mock.mockito.ResetMocksTestExecutionListener, org.springframework.test.context.web.ServletTestExecutionListener, org.springframework.test.context.support.DirtiesContextBeforeModesTestExecutionListener, org.springframework.test.context.support.DependencyInjectionTestExecutionListener, org.springframework.test.context.support.DirtiesContextTestExecutionListener, org.springframework.test.context.transaction.TransactionalTestExecutionListener, org.springframework.test.context.jdbc.SqlScriptsTestExecutionListener]
2022-02-08 18:31:11.160  INFO 13436 --- [    Test worker] .b.t.c.SpringBootTestContextBootstrapper : Using TestExecutionListeners: [org.springframework.test.context.web.ServletTestExecutionListener@8ce6440, org.springframework.test.context.support.DirtiesContextBeforeModesTestExecutionListener@5314192, org.springframework.boot.test.mock.mockito.MockitoTestExecutionListener@2646f8b5, org.springframework.boot.test.autoconfigure.SpringBootDependencyInjectionTestExecutionListener@379f9c7b, org.springframework.test.context.support.DirtiesContextTestExecutionListener@4c0812ac, org.springframework.test.context.transaction.TransactionalTestExecutionListener@43baf76e, org.springframework.test.context.jdbc.SqlScriptsTestExecutionListener@52a83cfc, org.springframework.boot.test.autoconfigure.restdocs.RestDocsTestExecutionListener@191f0e96, org.springframework.boot.test.autoconfigure.web.client.MockRestServiceServerResetTestExecutionListener@158ef26b, org.springframework.boot.test.autoconfigure.web.servlet.MockMvcPrintOnlyOnFailureTestExecutionListener@19b6633, org.springframework.boot.test.autoconfigure.web.servlet.WebDriverTestExecutionListener@12c7e520, org.springframework.boot.test.mock.mockito.ResetMocksTestExecutionListener@73cd2250]
Hibernate: insert into book (created_date, modified_date, author, book_content, book_cover, book_intro, country, published_date, publisher, title, total_page) values (?, ?, ?, ?, ?, ?, ?, ?, ?, ?, ?)
]]></system-out>
  <system-err><![CDATA[]]></system-err>
</testsuite>
