<?xml version="1.0" encoding="UTF-8"?>
<testsuite name="com.liverary.book.springboot.web.ReadingApiControllerTest" tests="1" skipped="0" failures="0" errors="0" timestamp="2022-02-08T09:05:11" hostname="LYVA" time="0.026">
  <properties/>
  <testcase name="Book_등록된다" classname="com.liverary.book.springboot.web.ReadingApiControllerTest" time="0.026"/>
  <system-out><![CDATA[2022-02-08 18:05:11.356  INFO 34880 --- [    Test worker] .b.t.c.SpringBootTestContextBootstrapper : Neither @ContextConfiguration nor @ContextHierarchy found for test class [com.liverary.book.springboot.web.ReadingApiControllerTest], using SpringBootContextLoader
2022-02-08 18:05:11.357  INFO 34880 --- [    Test worker] o.s.t.c.support.AbstractContextLoader    : Could not detect default resource locations for test class [com.liverary.book.springboot.web.ReadingApiControllerTest]: no resource found for suffixes {-context.xml, Context.groovy}.
2022-02-08 18:05:11.359  INFO 34880 --- [    Test worker] t.c.s.AnnotationConfigContextLoaderUtils : Could not detect default configuration classes for test class [com.liverary.book.springboot.web.ReadingApiControllerTest]: ReadingApiControllerTest does not declare any static, non-private, non-final, nested classes annotated with @Configuration.
2022-02-08 18:05:11.364  INFO 34880 --- [    Test worker] .b.t.c.SpringBootTestContextBootstrapper : Found @SpringBootConfiguration com.liverary.book.springboot.Application for test class com.liverary.book.springboot.web.ReadingApiControllerTest
2022-02-08 18:05:11.367  INFO 34880 --- [    Test worker] .b.t.c.SpringBootTestContextBootstrapper : Loaded default TestExecutionListener class names from location [META-INF/spring.factories]: [org.springframework.boot.test.autoconfigure.restdocs.RestDocsTestExecutionListener, org.springframework.boot.test.autoconfigure.web.client.MockRestServiceServerResetTestExecutionListener, org.springframework.boot.test.autoconfigure.web.servlet.MockMvcPrintOnlyOnFailureTestExecutionListener, org.springframework.boot.test.autoconfigure.web.servlet.WebDriverTestExecutionListener, org.springframework.boot.test.mock.mockito.MockitoTestExecutionListener, org.springframework.boot.test.mock.mockito.ResetMocksTestExecutionListener, org.springframework.test.context.web.ServletTestExecutionListener, org.springframework.test.context.support.DirtiesContextBeforeModesTestExecutionListener, org.springframework.test.context.support.DependencyInjectionTestExecutionListener, org.springframework.test.context.support.DirtiesContextTestExecutionListener, org.springframework.test.context.transaction.TransactionalTestExecutionListener, org.springframework.test.context.jdbc.SqlScriptsTestExecutionListener]
2022-02-08 18:05:11.368  INFO 34880 --- [    Test worker] .b.t.c.SpringBootTestContextBootstrapper : Using TestExecutionListeners: [org.springframework.test.context.web.ServletTestExecutionListener@6264f67d, org.springframework.test.context.support.DirtiesContextBeforeModesTestExecutionListener@26280247, org.springframework.boot.test.mock.mockito.MockitoTestExecutionListener@2b027344, org.springframework.boot.test.autoconfigure.SpringBootDependencyInjectionTestExecutionListener@4b074d91, org.springframework.test.context.support.DirtiesContextTestExecutionListener@e958d92, org.springframework.test.context.transaction.TransactionalTestExecutionListener@68c98c3d, org.springframework.test.context.jdbc.SqlScriptsTestExecutionListener@50694a33, org.springframework.boot.test.autoconfigure.restdocs.RestDocsTestExecutionListener@2173ee6a, org.springframework.boot.test.autoconfigure.web.client.MockRestServiceServerResetTestExecutionListener@3280ecb, org.springframework.boot.test.autoconfigure.web.servlet.MockMvcPrintOnlyOnFailureTestExecutionListener@27a4d2f7, org.springframework.boot.test.autoconfigure.web.servlet.WebDriverTestExecutionListener@3d862ce2, org.springframework.boot.test.mock.mockito.ResetMocksTestExecutionListener@3388586]
Hibernate: insert into book (created_date, modified_date, author, book_content, book_cover, book_intro, country, published_date, publisher, title, total_page) values (?, ?, ?, ?, ?, ?, ?, ?, ?, ?, ?)
]]></system-out>
  <system-err><![CDATA[]]></system-err>
</testsuite>
